<?xml version="1.0" encoding="UTF-8"?>
<testsuite name="com.example.SpringBootHelloWorldApplicationTests" time="0.02" tests="1" errors="1" skipped="0" failures="0">
  <properties>
[...]
</properties>
  <testcase name="contextLoads" classname="com.example.SpringBootHelloWorldApplicationTests" time="0.02">
    <error message="Failed to load ApplicationContext" type="java.lang.IllegalStateException">java.lang.IllegalStateException: Failed to load ApplicationContext
	at org.springframework.test.context.cache.DefaultCacheAwareContextLoaderDelegate.loadContext(DefaultCacheAwareContextLoaderDelegate.java:124)
	at org.springframework.test.context.support.DefaultTestContext.getApplicationContext(DefaultTestContext.java:83)
	at org.springframework.test.context.web.ServletTestExecutionListener.setUpRequestContextIfNecessary(ServletTestExecutionListener.java:183)
	at org.springframework.test.context.web.ServletTestExecutionListener.prepareTestInstance(ServletTestExecutionListener.java:123)
	at org.springframework.test.context.TestContextManager.prepareTestInstance(TestContextManager.java:228)
	at org.springframework.test.context.junit4.SpringJUnit4ClassRunner.createTest(SpringJUnit4ClassRunner.java:230)
	at org.springframework.test.context.junit4.SpringJUnit4ClassRunner$1.runReflectiveCall(SpringJUnit4ClassRunner.java:289)
	at org.junit.internal.runners.model.ReflectiveCallable.run(ReflectiveCallable.java:12)
	at org.springframework.test.context.junit4.SpringJUnit4ClassRunner.methodBlock(SpringJUnit4ClassRunner.java:291)
	at org.springframework.test.context.junit4.SpringJUnit4ClassRunner.runChild(SpringJUnit4ClassRunner.java:249)
	at org.springframework.test.context.junit4.SpringJUnit4ClassRunner.runChild(SpringJUnit4ClassRunner.java:89)
	at org.junit.runners.ParentRunner$3.run(ParentRunner.java:290)
	at org.junit.runners.ParentRunner$1.schedule(ParentRunner.java:71)
	at org.junit.runners.ParentRunner.runChildren(ParentRunner.java:288)
	at org.junit.runners.ParentRunner.access$000(ParentRunner.java:58)
	at org.junit.runners.ParentRunner$2.evaluate(ParentRunner.java:268)
	at org.springframework.test.context.junit4.statements.RunBeforeTestClassCallbacks.evaluate(RunBeforeTestClassCallbacks.java:61)
	at org.springframework.test.context.junit4.statements.RunAfterTestClassCallbacks.evaluate(RunAfterTestClassCallbacks.java:70)
	at org.junit.runners.ParentRunner.run(ParentRunner.java:363)
	at org.springframework.test.context.junit4.SpringJUnit4ClassRunner.run(SpringJUnit4ClassRunner.java:193)
	at org.apache.maven.surefire.junit4.JUnit4Provider.execute(JUnit4Provider.java:283)
	at org.apache.maven.surefire.junit4.JUnit4Provider.executeWithRerun(JUnit4Provider.java:173)
	at org.apache.maven.surefire.junit4.JUnit4Provider.executeTestSet(JUnit4Provider.java:153)
	at org.apache.maven.surefire.junit4.JUnit4Provider.invoke(JUnit4Provider.java:128)
	at org.apache.maven.surefire.booter.ForkedBooter.invokeProviderInSameClassLoader(ForkedBooter.java:203)
	at org.apache.maven.surefire.booter.ForkedBooter.runSuitesInProcess(ForkedBooter.java:155)
	at org.apache.maven.surefire.booter.ForkedBooter.main(ForkedBooter.java:103)
Caused by: org.springframework.beans.factory.BeanCreationException: Error creating bean with name 'mainController': Injection of autowired dependencies failed; nested exception is org.springframework.beans.factory.BeanCreationException: Could not autowire field: application.ModulePlatform application.MainController.platform; nested exception is org.springframework.beans.factory.BeanCreationException: Error creating bean with name 'modulePlatform': Injection of autowired dependencies failed; nested exception is org.springframework.beans.factory.BeanCreationException: Could not autowire field: private java.util.List application.ModulePlatform.modules; nested exception is org.springframework.beans.factory.NoSuchBeanDefinitionException: No qualifying bean of type [interfaces.Module] found for dependency [collection of interfaces.Module]: expected at least 1 bean which qualifies as autowire candidate for this dependency. Dependency annotations: {@org.springframework.beans.factory.annotation.Autowired(required=true)}
	at org.springframework.beans.factory.annotation.AutowiredAnnotationBeanPostProcessor.postProcessPropertyValues(AutowiredAnnotationBeanPostProcessor.java:334)
	at org.springframework.beans.factory.support.AbstractAutowireCapableBeanFactory.populateBean(AbstractAutowireCapableBeanFactory.java:1214)
	at org.springframework.beans.factory.support.AbstractAutowireCapableBeanFactory.doCreateBean(AbstractAutowireCapableBeanFactory.java:543)
	at org.springframework.beans.factory.support.AbstractAutowireCapableBeanFactory.createBean(AbstractAutowireCapableBeanFactory.java:482)
	at org.springframework.beans.factory.support.AbstractBeanFactory$1.getObject(AbstractBeanFactory.java:306)
	at org.springframework.beans.factory.support.DefaultSingletonBeanRegistry.getSingleton(DefaultSingletonBeanRegistry.java:230)
	at org.springframework.beans.factory.support.AbstractBeanFactory.doGetBean(AbstractBeanFactory.java:302)
	at org.springframework.beans.factory.support.AbstractBeanFactory.getBean(AbstractBeanFactory.java:197)
	at org.springframework.beans.factory.support.DefaultListableBeanFactory.preInstantiateSingletons(DefaultListableBeanFactory.java:772)
	at org.springframework.context.support.AbstractApplicationContext.finishBeanFactoryInitialization(AbstractApplicationContext.java:839)
	at org.springframework.context.support.AbstractApplicationContext.refresh(AbstractApplicationContext.java:538)
	at org.springframework.boot.SpringApplication.refresh(SpringApplication.java:760)
	at org.springframework.boot.SpringApplication.createAndRefreshContext(SpringApplication.java:360)
	at org.springframework.boot.SpringApplication.run(SpringApplication.java:306)
	at org.springframework.boot.test.SpringApplicationContextLoader.loadContext(SpringApplicationContextLoader.java:98)
	at org.springframework.test.context.cache.DefaultCacheAwareContextLoaderDelegate.loadContextInternal(DefaultCacheAwareContextLoaderDelegate.java:98)
	at org.springframework.test.context.cache.DefaultCacheAwareContextLoaderDelegate.loadContext(DefaultCacheAwareContextLoaderDelegate.java:116)
	at org.springframework.test.context.support.DefaultTestContext.getApplicationContext(DefaultTestContext.java:83)
	at org.springframework.test.context.web.ServletTestExecutionListener.setUpRequestContextIfNecessary(ServletTestExecutionListener.java:183)
	at org.springframework.test.context.web.ServletTestExecutionListener.prepareTestInstance(ServletTestExecutionListener.java:123)
	at org.springframework.test.context.TestContextManager.prepareTestInstance(TestContextManager.java:228)
	at org.springframework.test.context.junit4.SpringJUnit4ClassRunner.createTest(SpringJUnit4ClassRunner.java:230)
	at org.springframework.test.context.junit4.SpringJUnit4ClassRunner$1.runReflectiveCall(SpringJUnit4ClassRunner.java:289)
	at org.junit.internal.runners.model.ReflectiveCallable.run(ReflectiveCallable.java:12)
	at org.springframework.test.context.junit4.SpringJUnit4ClassRunner.methodBlock(SpringJUnit4ClassRunner.java:291)
	at org.springframework.test.context.junit4.SpringJUnit4ClassRunner.runChild(SpringJUnit4ClassRunner.java:249)
	at org.springframework.test.context.junit4.SpringJUnit4ClassRunner.runChild(SpringJUnit4ClassRunner.java:89)
	at org.junit.runners.ParentRunner$3.run(ParentRunner.java:290)
	at org.junit.runners.ParentRunner$1.schedule(ParentRunner.java:71)
	at org.junit.runners.ParentRunner.runChildren(ParentRunner.java:288)
	at org.junit.runners.ParentRunner.access$000(ParentRunner.java:58)
	at org.junit.runners.ParentRunner$2.evaluate(ParentRunner.java:268)
	at org.springframework.test.context.junit4.statements.RunBeforeTestClassCallbacks.evaluate(RunBeforeTestClassCallbacks.java:61)
	at org.springframework.test.context.junit4.statements.RunAfterTestClassCallbacks.evaluate(RunAfterTestClassCallbacks.java:70)
	at org.junit.runners.ParentRunner.run(ParentRunner.java:363)
	at org.springframework.test.context.junit4.SpringJUnit4ClassRunner.run(SpringJUnit4ClassRunner.java:193)
	at org.apache.maven.surefire.junit4.JUnit4Provider.execute(JUnit4Provider.java:283)
	at org.apache.maven.surefire.junit4.JUnit4Provider.executeWithRerun(JUnit4Provider.java:173)
	at org.apache.maven.surefire.junit4.JUnit4Provider.executeTestSet(JUnit4Provider.java:153)
	at org.apache.maven.surefire.junit4.JUnit4Provider.invoke(JUnit4Provider.java:128)
	at org.apache.maven.surefire.booter.ForkedBooter.invokeProviderInSameClassLoader(ForkedBooter.java:203)
	at org.apache.maven.surefire.booter.ForkedBooter.runSuitesInProcess(ForkedBooter.java:155)
	at org.apache.maven.surefire.booter.ForkedBooter.main(ForkedBooter.java:103)
Caused by: org.springframework.beans.factory.BeanCreationException: Could not autowire field: application.ModulePlatform application.MainController.platform; nested exception is org.springframework.beans.factory.BeanCreationException: Error creating bean with name 'modulePlatform': Injection of autowired dependencies failed; nested exception is org.springframework.beans.factory.BeanCreationException: Could not autowire field: private java.util.List application.ModulePlatform.modules; nested exception is org.springframework.beans.factory.NoSuchBeanDefinitionException: No qualifying bean of type [interfaces.Module] found for dependency [collection of interfaces.Module]: expected at least 1 bean which qualifies as autowire candidate for this dependency. Dependency annotations: {@org.springframework.beans.factory.annotation.Autowired(required=true)}
	at org.springframework.beans.factory.annotation.AutowiredAnnotationBeanPostProcessor$AutowiredFieldElement.inject(AutowiredAnnotationBeanPostProcessor.java:573)
	at org.springframework.beans.factory.annotation.InjectionMetadata.inject(InjectionMetadata.java:88)
	at org.springframework.beans.factory.annotation.AutowiredAnnotationBeanPostProcessor.postProcessPropertyValues(AutowiredAnnotationBeanPostProcessor.java:331)
	at org.springframework.beans.factory.support.AbstractAutowireCapableBeanFactory.populateBean(AbstractAutowireCapableBeanFactory.java:1214)
	at org.springframework.beans.factory.support.AbstractAutowireCapableBeanFactory.doCreateBean(AbstractAutowireCapableBeanFactory.java:543)
	at org.springframework.beans.factory.support.AbstractAutowireCapableBeanFactory.createBean(AbstractAutowireCapableBeanFactory.java:482)
	at org.springframework.beans.factory.support.AbstractBeanFactory$1.getObject(AbstractBeanFactory.java:306)
	at org.springframework.beans.factory.support.DefaultSingletonBeanRegistry.getSingleton(DefaultSingletonBeanRegistry.java:230)
	at org.springframework.beans.factory.support.AbstractBeanFactory.doGetBean(AbstractBeanFactory.java:302)
	at org.springframework.beans.factory.support.AbstractBeanFactory.getBean(AbstractBeanFactory.java:197)
	at org.springframework.beans.factory.support.DefaultListableBeanFactory.preInstantiateSingletons(DefaultListableBeanFactory.java:772)
	at org.springframework.context.support.AbstractApplicationContext.finishBeanFactoryInitialization(AbstractApplicationContext.java:839)
	at org.springframework.context.support.AbstractApplicationContext.refresh(AbstractApplicationContext.java:538)
	at org.springframework.boot.SpringApplication.refresh(SpringApplication.java:760)
	at org.springframework.boot.SpringApplication.createAndRefreshContext(SpringApplication.java:360)
	at org.springframework.boot.SpringApplication.run(SpringApplication.java:306)
	at org.springframework.boot.test.SpringApplicationContextLoader.loadContext(SpringApplicationContextLoader.java:98)
	at org.springframework.test.context.cache.DefaultCacheAwareContextLoaderDelegate.loadContextInternal(DefaultCacheAwareContextLoaderDelegate.java:98)
	at org.springframework.test.context.cache.DefaultCacheAwareContextLoaderDelegate.loadContext(DefaultCacheAwareContextLoaderDelegate.java:116)
	at org.springframework.test.context.support.DefaultTestContext.getApplicationContext(DefaultTestContext.java:83)
	at org.springframework.test.context.web.ServletTestExecutionListener.setUpRequestContextIfNecessary(ServletTestExecutionListener.java:183)
	at org.springframework.test.context.web.ServletTestExecutionListener.prepareTestInstance(ServletTestExecutionListener.java:123)
	at org.springframework.test.context.TestContextManager.prepareTestInstance(TestContextManager.java:228)
	at org.springframework.test.context.junit4.SpringJUnit4ClassRunner.createTest(SpringJUnit4ClassRunner.java:230)
	at org.springframework.test.context.junit4.SpringJUnit4ClassRunner$1.runReflectiveCall(SpringJUnit4ClassRunner.java:289)
	at org.junit.internal.runners.model.ReflectiveCallable.run(ReflectiveCallable.java:12)
	at org.springframework.test.context.junit4.SpringJUnit4ClassRunner.methodBlock(SpringJUnit4ClassRunner.java:291)
	at org.springframework.test.context.junit4.SpringJUnit4ClassRunner.runChild(SpringJUnit4ClassRunner.java:249)
	at org.springframework.test.context.junit4.SpringJUnit4ClassRunner.runChild(SpringJUnit4ClassRunner.java:89)
	at org.junit.runners.ParentRunner$3.run(ParentRunner.java:290)
	at org.junit.runners.ParentRunner$1.schedule(ParentRunner.java:71)
	at org.junit.runners.ParentRunner.runChildren(ParentRunner.java:288)
	at org.junit.runners.ParentRunner.access$000(ParentRunner.java:58)
	at org.junit.runners.ParentRunner$2.evaluate(ParentRunner.java:268)
	at org.springframework.test.context.junit4.statements.RunBeforeTestClassCallbacks.evaluate(RunBeforeTestClassCallbacks.java:61)
	at org.springframework.test.context.junit4.statements.RunAfterTestClassCallbacks.evaluate(RunAfterTestClassCallbacks.java:70)
	at org.junit.runners.ParentRunner.run(ParentRunner.java:363)
	at org.springframework.test.context.junit4.SpringJUnit4ClassRunner.run(SpringJUnit4ClassRunner.java:193)
	at org.apache.maven.surefire.junit4.JUnit4Provider.execute(JUnit4Provider.java:283)
	at org.apache.maven.surefire.junit4.JUnit4Provider.executeWithRerun(JUnit4Provider.java:173)
	at org.apache.maven.surefire.junit4.JUnit4Provider.executeTestSet(JUnit4Provider.java:153)
	at org.apache.maven.surefire.junit4.JUnit4Provider.invoke(JUnit4Provider.java:128)
	at org.apache.maven.surefire.booter.ForkedBooter.invokeProviderInSameClassLoader(ForkedBooter.java:203)
	at org.apache.maven.surefire.booter.ForkedBooter.runSuitesInProcess(ForkedBooter.java:155)
	at org.apache.maven.surefire.booter.ForkedBooter.main(ForkedBooter.java:103)
Caused by: org.springframework.beans.factory.BeanCreationException: Error creating bean with name 'modulePlatform': Injection of autowired dependencies failed; nested exception is org.springframework.beans.factory.BeanCreationException: Could not autowire field: private java.util.List application.ModulePlatform.modules; nested exception is org.springframework.beans.factory.NoSuchBeanDefinitionException: No qualifying bean of type [interfaces.Module] found for dependency [collection of interfaces.Module]: expected at least 1 bean which qualifies as autowire candidate for this dependency. Dependency annotations: {@org.springframework.beans.factory.annotation.Autowired(required=true)}
	at org.springframework.beans.factory.annotation.AutowiredAnnotationBeanPostProcessor.postProcessPropertyValues(AutowiredAnnotationBeanPostProcessor.java:334)
	at org.springframework.beans.factory.support.AbstractAutowireCapableBeanFactory.populateBean(AbstractAutowireCapableBeanFactory.java:1214)
	at org.springframework.beans.factory.support.AbstractAutowireCapableBeanFactory.doCreateBean(AbstractAutowireCapableBeanFactory.java:543)
	at org.springframework.beans.factory.support.AbstractAutowireCapableBeanFactory.createBean(AbstractAutowireCapableBeanFactory.java:482)
	at org.springframework.beans.factory.support.AbstractBeanFactory$1.getObject(AbstractBeanFactory.java:306)
	at org.springframework.beans.factory.support.DefaultSingletonBeanRegistry.getSingleton(DefaultSingletonBeanRegistry.java:230)
	at org.springframework.beans.factory.support.AbstractBeanFactory.doGetBean(AbstractBeanFactory.java:302)
	at org.springframework.beans.factory.support.AbstractBeanFactory.getBean(AbstractBeanFactory.java:197)
	at org.springframework.beans.factory.support.DefaultListableBeanFactory.findAutowireCandidates(DefaultListableBeanFactory.java:1192)
	at org.springframework.beans.factory.support.DefaultListableBeanFactory.doResolveDependency(DefaultListableBeanFactory.java:1116)
	at org.springframework.beans.factory.support.DefaultListableBeanFactory.resolveDependency(DefaultListableBeanFactory.java:1014)
	at org.springframework.beans.factory.annotation.AutowiredAnnotationBeanPostProcessor$AutowiredFieldElement.inject(AutowiredAnnotationBeanPostProcessor.java:545)
	at org.springframework.beans.factory.annotation.InjectionMetadata.inject(InjectionMetadata.java:88)
	at org.springframework.beans.factory.annotation.AutowiredAnnotationBeanPostProcessor.postProcessPropertyValues(AutowiredAnnotationBeanPostProcessor.java:331)
	at org.springframework.beans.factory.support.AbstractAutowireCapableBeanFactory.populateBean(AbstractAutowireCapableBeanFactory.java:1214)
	at org.springframework.beans.factory.support.AbstractAutowireCapableBeanFactory.doCreateBean(AbstractAutowireCapableBeanFactory.java:543)
	at org.springframework.beans.factory.support.AbstractAutowireCapableBeanFactory.createBean(AbstractAutowireCapableBeanFactory.java:482)
	at org.springframework.beans.factory.support.AbstractBeanFactory$1.getObject(AbstractBeanFactory.java:306)
	at org.springframework.beans.factory.support.DefaultSingletonBeanRegistry.getSingleton(DefaultSingletonBeanRegistry.java:230)
	at org.springframework.beans.factory.support.AbstractBeanFactory.doGetBean(AbstractBeanFactory.java:302)
	at org.springframework.beans.factory.support.AbstractBeanFactory.getBean(AbstractBeanFactory.java:197)
	at org.springframework.beans.factory.support.DefaultListableBeanFactory.preInstantiateSingletons(DefaultListableBeanFactory.java:772)
	at org.springframework.context.support.AbstractApplicationContext.finishBeanFactoryInitialization(AbstractApplicationContext.java:839)
	at org.springframework.context.support.AbstractApplicationContext.refresh(AbstractApplicationContext.java:538)
	at org.springframework.boot.SpringApplication.refresh(SpringApplication.java:760)
	at org.springframework.boot.SpringApplication.createAndRefreshContext(SpringApplication.java:360)
	at org.springframework.boot.SpringApplication.run(SpringApplication.java:306)
	at org.springframework.boot.test.SpringApplicationContextLoader.loadContext(SpringApplicationContextLoader.java:98)
	at org.springframework.test.context.cache.DefaultCacheAwareContextLoaderDelegate.loadContextInternal(DefaultCacheAwareContextLoaderDelegate.java:98)
	at org.springframework.test.context.cache.DefaultCacheAwareContextLoaderDelegate.loadContext(DefaultCacheAwareContextLoaderDelegate.java:116)
	at org.springframework.test.context.support.DefaultTestContext.getApplicationContext(DefaultTestContext.java:83)
	at org.springframework.test.context.web.ServletTestExecutionListener.setUpRequestContextIfNecessary(ServletTestExecutionListener.java:183)
	at org.springframework.test.context.web.ServletTestExecutionListener.prepareTestInstance(ServletTestExecutionListener.java:123)
	at org.springframework.test.context.TestContextManager.prepareTestInstance(TestContextManager.java:228)
	at org.springframework.test.context.junit4.SpringJUnit4ClassRunner.createTest(SpringJUnit4ClassRunner.java:230)
	at org.springframework.test.context.junit4.SpringJUnit4ClassRunner$1.runReflectiveCall(SpringJUnit4ClassRunner.java:289)
	at org.junit.internal.runners.model.ReflectiveCallable.run(ReflectiveCallable.java:12)
	at org.springframework.test.context.junit4.SpringJUnit4ClassRunner.methodBlock(SpringJUnit4ClassRunner.java:291)
	at org.springframework.test.context.junit4.SpringJUnit4ClassRunner.runChild(SpringJUnit4ClassRunner.java:249)
	at org.springframework.test.context.junit4.SpringJUnit4ClassRunner.runChild(SpringJUnit4ClassRunner.java:89)
	at org.junit.runners.ParentRunner$3.run(ParentRunner.java:290)
	at org.junit.runners.ParentRunner$1.schedule(ParentRunner.java:71)
	at org.junit.runners.ParentRunner.runChildren(ParentRunner.java:288)
	at org.junit.runners.ParentRunner.access$000(ParentRunner.java:58)
	at org.junit.runners.ParentRunner$2.evaluate(ParentRunner.java:268)
	at org.springframework.test.context.junit4.statements.RunBeforeTestClassCallbacks.evaluate(RunBeforeTestClassCallbacks.java:61)
	at org.springframework.test.context.junit4.statements.RunAfterTestClassCallbacks.evaluate(RunAfterTestClassCallbacks.java:70)
	at org.junit.runners.ParentRunner.run(ParentRunner.java:363)
	at org.springframework.test.context.junit4.SpringJUnit4ClassRunner.run(SpringJUnit4ClassRunner.java:193)
	at org.apache.maven.surefire.junit4.JUnit4Provider.execute(JUnit4Provider.java:283)
	at org.apache.maven.surefire.junit4.JUnit4Provider.executeWithRerun(JUnit4Provider.java:173)
	at org.apache.maven.surefire.junit4.JUnit4Provider.executeTestSet(JUnit4Provider.java:153)
	at org.apache.maven.surefire.junit4.JUnit4Provider.invoke(JUnit4Provider.java:128)
	at org.apache.maven.surefire.booter.ForkedBooter.invokeProviderInSameClassLoader(ForkedBooter.java:203)
	at org.apache.maven.surefire.booter.ForkedBooter.runSuitesInProcess(ForkedBooter.java:155)
	at org.apache.maven.surefire.booter.ForkedBooter.main(ForkedBooter.java:103)
Caused by: org.springframework.beans.factory.BeanCreationException: Could not autowire field: private java.util.List application.ModulePlatform.modules; nested exception is org.springframework.beans.factory.NoSuchBeanDefinitionException: No qualifying bean of type [interfaces.Module] found for dependency [collection of interfaces.Module]: expected at least 1 bean which qualifies as autowire candidate for this dependency. Dependency annotations: {@org.springframework.beans.factory.annotation.Autowired(required=true)}
	at org.springframework.beans.factory.annotation.AutowiredAnnotationBeanPostProcessor$AutowiredFieldElement.inject(AutowiredAnnotationBeanPostProcessor.java:573)
	at org.springframework.beans.factory.annotation.InjectionMetadata.inject(InjectionMetadata.java:88)
	at org.springframework.beans.factory.annotation.AutowiredAnnotationBeanPostProcessor.postProcessPropertyValues(AutowiredAnnotationBeanPostProcessor.java:331)
	at org.springframework.beans.factory.support.AbstractAutowireCapableBeanFactory.populateBean(AbstractAutowireCapableBeanFactory.java:1214)
	at org.springframework.beans.factory.support.AbstractAutowireCapableBeanFactory.doCreateBean(AbstractAutowireCapableBeanFactory.java:543)
	at org.springframework.beans.factory.support.AbstractAutowireCapableBeanFactory.createBean(AbstractAutowireCapableBeanFactory.java:482)
	at org.springframework.beans.factory.support.AbstractBeanFactory$1.getObject(AbstractBeanFactory.java:306)
	at org.springframework.beans.factory.support.DefaultSingletonBeanRegistry.getSingleton(DefaultSingletonBeanRegistry.java:230)
	at org.springframework.beans.factory.support.AbstractBeanFactory.doGetBean(AbstractBeanFactory.java:302)
	at org.springframework.beans.factory.support.AbstractBeanFactory.getBean(AbstractBeanFactory.java:197)
	at org.springframework.beans.factory.support.DefaultListableBeanFactory.findAutowireCandidates(DefaultListableBeanFactory.java:1192)
	at org.springframework.beans.factory.support.DefaultListableBeanFactory.doResolveDependency(DefaultListableBeanFactory.java:1116)
	at org.springframework.beans.factory.support.DefaultListableBeanFactory.resolveDependency(DefaultListableBeanFactory.java:1014)
	at org.springframework.beans.factory.annotation.AutowiredAnnotationBeanPostProcessor$AutowiredFieldElement.inject(AutowiredAnnotationBeanPostProcessor.java:545)
	at org.springframework.beans.factory.annotation.InjectionMetadata.inject(InjectionMetadata.java:88)
	at org.springframework.beans.factory.annotation.AutowiredAnnotationBeanPostProcessor.postProcessPropertyValues(AutowiredAnnotationBeanPostProcessor.java:331)
	at org.springframework.beans.factory.support.AbstractAutowireCapableBeanFactory.populateBean(AbstractAutowireCapableBeanFactory.java:1214)
	at org.springframework.beans.factory.support.AbstractAutowireCapableBeanFactory.doCreateBean(AbstractAutowireCapableBeanFactory.java:543)
	at org.springframework.beans.factory.support.AbstractAutowireCapableBeanFactory.createBean(AbstractAutowireCapableBeanFactory.java:482)
	at org.springframework.beans.factory.support.AbstractBeanFactory$1.getObject(AbstractBeanFactory.java:306)
	at org.springframework.beans.factory.support.DefaultSingletonBeanRegistry.getSingleton(DefaultSingletonBeanRegistry.java:230)
	at org.springframework.beans.factory.support.AbstractBeanFactory.doGetBean(AbstractBeanFactory.java:302)
	at org.springframework.beans.factory.support.AbstractBeanFactory.getBean(AbstractBeanFactory.java:197)
	at org.springframework.beans.factory.support.DefaultListableBeanFactory.preInstantiateSingletons(DefaultListableBeanFactory.java:772)
	at org.springframework.context.support.AbstractApplicationContext.finishBeanFactoryInitialization(AbstractApplicationContext.java:839)
	at org.springframework.context.support.AbstractApplicationContext.refresh(AbstractApplicationContext.java:538)
	at org.springframework.boot.SpringApplication.refresh(SpringApplication.java:760)
	at org.springframework.boot.SpringApplication.createAndRefreshContext(SpringApplication.java:360)
	at org.springframework.boot.SpringApplication.run(SpringApplication.java:306)
	at org.springframework.boot.test.SpringApplicationContextLoader.loadContext(SpringApplicationContextLoader.java:98)
	at org.springframework.test.context.cache.DefaultCacheAwareContextLoaderDelegate.loadContextInternal(DefaultCacheAwareContextLoaderDelegate.java:98)
	at org.springframework.test.context.cache.DefaultCacheAwareContextLoaderDelegate.loadContext(DefaultCacheAwareContextLoaderDelegate.java:116)
	at org.springframework.test.context.support.DefaultTestContext.getApplicationContext(DefaultTestContext.java:83)
	at org.springframework.test.context.web.ServletTestExecutionListener.setUpRequestContextIfNecessary(ServletTestExecutionListener.java:183)
	at org.springframework.test.context.web.ServletTestExecutionListener.prepareTestInstance(ServletTestExecutionListener.java:123)
	at org.springframework.test.context.TestContextManager.prepareTestInstance(TestContextManager.java:228)
	at org.springframework.test.context.junit4.SpringJUnit4ClassRunner.createTest(SpringJUnit4ClassRunner.java:230)
	at org.springframework.test.context.junit4.SpringJUnit4ClassRunner$1.runReflectiveCall(SpringJUnit4ClassRunner.java:289)
	at org.junit.internal.runners.model.ReflectiveCallable.run(ReflectiveCallable.java:12)
	at org.springframework.test.context.junit4.SpringJUnit4ClassRunner.methodBlock(SpringJUnit4ClassRunner.java:291)
	at org.springframework.test.context.junit4.SpringJUnit4ClassRunner.runChild(SpringJUnit4ClassRunner.java:249)
	at org.springframework.test.context.junit4.SpringJUnit4ClassRunner.runChild(SpringJUnit4ClassRunner.java:89)
	at org.junit.runners.ParentRunner$3.run(ParentRunner.java:290)
	at org.junit.runners.ParentRunner$1.schedule(ParentRunner.java:71)
	at org.junit.runners.ParentRunner.runChildren(ParentRunner.java:288)
	at org.junit.runners.ParentRunner.access$000(ParentRunner.java:58)
	at org.junit.runners.ParentRunner$2.evaluate(ParentRunner.java:268)
	at org.springframework.test.context.junit4.statements.RunBeforeTestClassCallbacks.evaluate(RunBeforeTestClassCallbacks.java:61)
	at org.springframework.test.context.junit4.statements.RunAfterTestClassCallbacks.evaluate(RunAfterTestClassCallbacks.java:70)
	at org.junit.runners.ParentRunner.run(ParentRunner.java:363)
	at org.springframework.test.context.junit4.SpringJUnit4ClassRunner.run(SpringJUnit4ClassRunner.java:193)
	at org.apache.maven.surefire.junit4.JUnit4Provider.execute(JUnit4Provider.java:283)
	at org.apache.maven.surefire.junit4.JUnit4Provider.executeWithRerun(JUnit4Provider.java:173)
	at org.apache.maven.surefire.junit4.JUnit4Provider.executeTestSet(JUnit4Provider.java:153)
	at org.apache.maven.surefire.junit4.JUnit4Provider.invoke(JUnit4Provider.java:128)
	at org.apache.maven.surefire.booter.ForkedBooter.invokeProviderInSameClassLoader(ForkedBooter.java:203)
	at org.apache.maven.surefire.booter.ForkedBooter.runSuitesInProcess(ForkedBooter.java:155)
	at org.apache.maven.surefire.booter.ForkedBooter.main(ForkedBooter.java:103)
Caused by: org.springframework.beans.factory.NoSuchBeanDefinitionException: No qualifying bean of type [interfaces.Module] found for dependency [collection of interfaces.Module]: expected at least 1 bean which qualifies as autowire candidate for this dependency. Dependency annotations: {@org.springframework.beans.factory.annotation.Autowired(required=true)}
	at org.springframework.beans.factory.support.DefaultListableBeanFactory.raiseNoSuchBeanDefinitionException(DefaultListableBeanFactory.java:1373)
	at org.springframework.beans.factory.support.DefaultListableBeanFactory.doResolveDependency(DefaultListableBeanFactory.java:1071)
	at org.springframework.beans.factory.support.DefaultListableBeanFactory.resolveDependency(DefaultListableBeanFactory.java:1014)
	at org.springframework.beans.factory.annotation.AutowiredAnnotationBeanPostProcessor$AutowiredFieldElement.inject(AutowiredAnnotationBeanPostProcessor.java:545)
	at org.springframework.beans.factory.annotation.InjectionMetadata.inject(InjectionMetadata.java:88)
	at org.springframework.beans.factory.annotation.AutowiredAnnotationBeanPostProcessor.postProcessPropertyValues(AutowiredAnnotationBeanPostProcessor.java:331)
	at org.springframework.beans.factory.support.AbstractAutowireCapableBeanFactory.populateBean(AbstractAutowireCapableBeanFactory.java:1214)
	at org.springframework.beans.factory.support.AbstractAutowireCapableBeanFactory.doCreateBean(AbstractAutowireCapableBeanFactory.java:543)
	at org.springframework.beans.factory.support.AbstractAutowireCapableBeanFactory.createBean(AbstractAutowireCapableBeanFactory.java:482)
	at org.springframework.beans.factory.support.AbstractBeanFactory$1.getObject(AbstractBeanFactory.java:306)
	at org.springframework.beans.factory.support.DefaultSingletonBeanRegistry.getSingleton(DefaultSingletonBeanRegistry.java:230)
	at org.springframework.beans.factory.support.AbstractBeanFactory.doGetBean(AbstractBeanFactory.java:302)
	at org.springframework.beans.factory.support.AbstractBeanFactory.getBean(AbstractBeanFactory.java:197)
	at org.springframework.beans.factory.support.DefaultListableBeanFactory.findAutowireCandidates(DefaultListableBeanFactory.java:1192)
	at org.springframework.beans.factory.support.DefaultListableBeanFactory.doResolveDependency(DefaultListableBeanFactory.java:1116)
	at org.springframework.beans.factory.support.DefaultListableBeanFactory.resolveDependency(DefaultListableBeanFactory.java:1014)
	at org.springframework.beans.factory.annotation.AutowiredAnnotationBeanPostProcessor$AutowiredFieldElement.inject(AutowiredAnnotationBeanPostProcessor.java:545)
	at org.springframework.beans.factory.annotation.InjectionMetadata.inject(InjectionMetadata.java:88)
	at org.springframework.beans.factory.annotation.AutowiredAnnotationBeanPostProcessor.postProcessPropertyValues(AutowiredAnnotationBeanPostProcessor.java:331)
	at org.springframework.beans.factory.support.AbstractAutowireCapableBeanFactory.populateBean(AbstractAutowireCapableBeanFactory.java:1214)
	at org.springframework.beans.factory.support.AbstractAutowireCapableBeanFactory.doCreateBean(AbstractAutowireCapableBeanFactory.java:543)
	at org.springframework.beans.factory.support.AbstractAutowireCapableBeanFactory.createBean(AbstractAutowireCapableBeanFactory.java:482)
	at org.springframework.beans.factory.support.AbstractBeanFactory$1.getObject(AbstractBeanFactory.java:306)
	at org.springframework.beans.factory.support.DefaultSingletonBeanRegistry.getSingleton(DefaultSingletonBeanRegistry.java:230)
	at org.springframework.beans.factory.support.AbstractBeanFactory.doGetBean(AbstractBeanFactory.java:302)
	at org.springframework.beans.factory.support.AbstractBeanFactory.getBean(AbstractBeanFactory.java:197)
	at org.springframework.beans.factory.support.DefaultListableBeanFactory.preInstantiateSingletons(DefaultListableBeanFactory.java:772)
	at org.springframework.context.support.AbstractApplicationContext.finishBeanFactoryInitialization(AbstractApplicationContext.java:839)
	at org.springframework.context.support.AbstractApplicationContext.refresh(AbstractApplicationContext.java:538)
	at org.springframework.boot.SpringApplication.refresh(SpringApplication.java:760)
	at org.springframework.boot.SpringApplication.createAndRefreshContext(SpringApplication.java:360)
	at org.springframework.boot.SpringApplication.run(SpringApplication.java:306)
	at org.springframework.boot.test.SpringApplicationContextLoader.loadContext(SpringApplicationContextLoader.java:98)
	at org.springframework.test.context.cache.DefaultCacheAwareContextLoaderDelegate.loadContextInternal(DefaultCacheAwareContextLoaderDelegate.java:98)
	at org.springframework.test.context.cache.DefaultCacheAwareContextLoaderDelegate.loadContext(DefaultCacheAwareContextLoaderDelegate.java:116)
	at org.springframework.test.context.support.DefaultTestContext.getApplicationContext(DefaultTestContext.java:83)
	at org.springframework.test.context.web.ServletTestExecutionListener.setUpRequestContextIfNecessary(ServletTestExecutionListener.java:183)
	at org.springframework.test.context.web.ServletTestExecutionListener.prepareTestInstance(ServletTestExecutionListener.java:123)
	at org.springframework.test.context.TestContextManager.prepareTestInstance(TestContextManager.java:228)
	at org.springframework.test.context.junit4.SpringJUnit4ClassRunner.createTest(SpringJUnit4ClassRunner.java:230)
	at org.springframework.test.context.junit4.SpringJUnit4ClassRunner$1.runReflectiveCall(SpringJUnit4ClassRunner.java:289)
	at org.junit.internal.runners.model.ReflectiveCallable.run(ReflectiveCallable.java:12)
	at org.springframework.test.context.junit4.SpringJUnit4ClassRunner.methodBlock(SpringJUnit4ClassRunner.java:291)
	at org.springframework.test.context.junit4.SpringJUnit4ClassRunner.runChild(SpringJUnit4ClassRunner.java:249)
	at org.springframework.test.context.junit4.SpringJUnit4ClassRunner.runChild(SpringJUnit4ClassRunner.java:89)
	at org.junit.runners.ParentRunner$3.run(ParentRunner.java:290)
	at org.junit.runners.ParentRunner$1.schedule(ParentRunner.java:71)
	at org.junit.runners.ParentRunner.runChildren(ParentRunner.java:288)
	at org.junit.runners.ParentRunner.access$000(ParentRunner.java:58)
	at org.junit.runners.ParentRunner$2.evaluate(ParentRunner.java:268)
	at org.springframework.test.context.junit4.statements.RunBeforeTestClassCallbacks.evaluate(RunBeforeTestClassCallbacks.java:61)
	at org.springframework.test.context.junit4.statements.RunAfterTestClassCallbacks.evaluate(RunAfterTestClassCallbacks.java:70)
	at org.junit.runners.ParentRunner.run(ParentRunner.java:363)
	at org.springframework.test.context.junit4.SpringJUnit4ClassRunner.run(SpringJUnit4ClassRunner.java:193)
	at org.apache.maven.surefire.junit4.JUnit4Provider.execute(JUnit4Provider.java:283)
	at org.apache.maven.surefire.junit4.JUnit4Provider.executeWithRerun(JUnit4Provider.java:173)
	at org.apache.maven.surefire.junit4.JUnit4Provider.executeTestSet(JUnit4Provider.java:153)
	at org.apache.maven.surefire.junit4.JUnit4Provider.invoke(JUnit4Provider.java:128)
	at org.apache.maven.surefire.booter.ForkedBooter.invokeProviderInSameClassLoader(ForkedBooter.java:203)
	at org.apache.maven.surefire.booter.ForkedBooter.runSuitesInProcess(ForkedBooter.java:155)
	at org.apache.maven.surefire.booter.ForkedBooter.main(ForkedBooter.java:103)
</error>
    <system-out><![CDATA[2016-08-02 12:40:34 DEBUG SpringJUnit4ClassRunner:142 - SpringJUnit4ClassRunner constructor called with [class com.example.SpringBootHelloWorldApplicationTests]
2016-08-02 12:40:34 DEBUG BootstrapUtils:89 - Instantiating CacheAwareContextLoaderDelegate from class [org.springframework.test.context.cache.DefaultCacheAwareContextLoaderDelegate]
2016-08-02 12:40:34 DEBUG BootstrapUtils:72 - Instantiating BootstrapContext using constructor [public org.springframework.test.context.support.DefaultBootstrapContext(java.lang.Class,org.springframework.test.context.CacheAwareContextLoaderDelegate)]
2016-08-02 12:40:34 DEBUG BootstrapUtils:134 - Instantiating TestContextBootstrapper for test class [com.example.SpringBootHelloWorldApplicationTests] from class [org.springframework.test.context.web.WebTestContextBootstrapper]
2016-08-02 12:40:34 DEBUG WebTestContextBootstrapper:450 - Found explicit ContextLoader class [org.springframework.boot.test.SpringApplicationContextLoader] for context configuration attributes [ContextConfigurationAttributes@19f379 declaringClass = 'com.example.SpringBootHelloWorldApplicationTests', classes = '{class application.Application}', locations = '{}', inheritLocations = true, initializers = '{}', inheritInitializers = true, name = [null], contextLoaderClass = 'org.springframework.boot.test.SpringApplicationContextLoader']
2016-08-02 12:40:34 DEBUG AbstractContextLoader:236 - Did not detect default resource location for test class [com.example.SpringBootHelloWorldApplicationTests]: class path resource [com/example/SpringBootHelloWorldApplicationTests-context.xml] does not exist
2016-08-02 12:40:34 DEBUG AbstractContextLoader:236 - Did not detect default resource location for test class [com.example.SpringBootHelloWorldApplicationTests]: class path resource [com/example/SpringBootHelloWorldApplicationTestsContext.groovy] does not exist
2016-08-02 12:40:34 INFO  AbstractContextLoader:242 - Could not detect default resource locations for test class [com.example.SpringBootHelloWorldApplicationTests]: no resource found for suffixes {-context.xml, Context.groovy}.
2016-08-02 12:40:34 DEBUG ActiveProfilesUtils:84 - Could not find an 'annotation declaring class' for annotation type [org.springframework.test.context.ActiveProfiles] and class [com.example.SpringBootHelloWorldApplicationTests]
2016-08-02 12:40:34 DEBUG WebTestContextBootstrapper:130 - @TestExecutionListeners is not present for class [com.example.SpringBootHelloWorldApplicationTests]: using defaults.
2016-08-02 12:40:34 INFO  WebTestContextBootstrapper:258 - Loaded default TestExecutionListener class names from location [META-INF/spring.factories]: [org.springframework.test.context.web.ServletTestExecutionListener, org.springframework.test.context.support.DirtiesContextBeforeModesTestExecutionListener, org.springframework.test.context.support.DependencyInjectionTestExecutionListener, org.springframework.test.context.support.DirtiesContextTestExecutionListener, org.springframework.test.context.transaction.TransactionalTestExecutionListener, org.springframework.test.context.jdbc.SqlScriptsTestExecutionListener]
2016-08-02 12:40:34 INFO  WebTestContextBootstrapper:207 - Could not instantiate TestExecutionListener [org.springframework.test.context.transaction.TransactionalTestExecutionListener]. Specify custom listener classes or make the default listener classes (and their required dependencies) available. Offending class: [org/springframework/transaction/interceptor/TransactionAttributeSource]
2016-08-02 12:40:34 INFO  WebTestContextBootstrapper:207 - Could not instantiate TestExecutionListener [org.springframework.test.context.jdbc.SqlScriptsTestExecutionListener]. Specify custom listener classes or make the default listener classes (and their required dependencies) available. Offending class: [org/springframework/transaction/interceptor/TransactionAttribute]
2016-08-02 12:40:34 INFO  WebTestContextBootstrapper:185 - Using TestExecutionListeners: [org.springframework.test.context.web.ServletTestExecutionListener@1993335, org.springframework.test.context.support.DirtiesContextBeforeModesTestExecutionListener@322d26, org.springframework.test.context.support.DependencyInjectionTestExecutionListener@12b07fd, org.springframework.test.context.support.DirtiesContextTestExecutionListener@bfbc86]
2016-08-02 12:40:34 DEBUG ProfileValueUtils:71 - Retrieved @ProfileValueSourceConfiguration [null] for test class [com.example.SpringBootHelloWorldApplicationTests]
2016-08-02 12:40:34 DEBUG ProfileValueUtils:83 - Retrieved ProfileValueSource type [class org.springframework.test.annotation.SystemProfileValueSource] for class [com.example.SpringBootHelloWorldApplicationTests]
2016-08-02 12:40:34 DEBUG SpringJUnit4ClassRunner:142 - SpringJUnit4ClassRunner constructor called with [class com.example.SpringBootHelloWorldApplicationTests]
2016-08-02 12:40:34 DEBUG BootstrapUtils:89 - Instantiating CacheAwareContextLoaderDelegate from class [org.springframework.test.context.cache.DefaultCacheAwareContextLoaderDelegate]
2016-08-02 12:40:34 DEBUG BootstrapUtils:72 - Instantiating BootstrapContext using constructor [public org.springframework.test.context.support.DefaultBootstrapContext(java.lang.Class,org.springframework.test.context.CacheAwareContextLoaderDelegate)]
2016-08-02 12:40:34 DEBUG BootstrapUtils:134 - Instantiating TestContextBootstrapper for test class [com.example.SpringBootHelloWorldApplicationTests] from class [org.springframework.test.context.web.WebTestContextBootstrapper]
2016-08-02 12:40:34 DEBUG WebTestContextBootstrapper:450 - Found explicit ContextLoader class [org.springframework.boot.test.SpringApplicationContextLoader] for context configuration attributes [ContextConfigurationAttributes@c0a365 declaringClass = 'com.example.SpringBootHelloWorldApplicationTests', classes = '{class application.Application}', locations = '{}', inheritLocations = true, initializers = '{}', inheritInitializers = true, name = [null], contextLoaderClass = 'org.springframework.boot.test.SpringApplicationContextLoader']
2016-08-02 12:40:34 DEBUG AbstractContextLoader:236 - Did not detect default resource location for test class [com.example.SpringBootHelloWorldApplicationTests]: class path resource [com/example/SpringBootHelloWorldApplicationTests-context.xml] does not exist
2016-08-02 12:40:34 DEBUG AbstractContextLoader:236 - Did not detect default resource location for test class [com.example.SpringBootHelloWorldApplicationTests]: class path resource [com/example/SpringBootHelloWorldApplicationTestsContext.groovy] does not exist
2016-08-02 12:40:34 INFO  AbstractContextLoader:242 - Could not detect default resource locations for test class [com.example.SpringBootHelloWorldApplicationTests]: no resource found for suffixes {-context.xml, Context.groovy}.
2016-08-02 12:40:34 DEBUG ActiveProfilesUtils:84 - Could not find an 'annotation declaring class' for annotation type [org.springframework.test.context.ActiveProfiles] and class [com.example.SpringBootHelloWorldApplicationTests]
2016-08-02 12:40:34 DEBUG WebTestContextBootstrapper:130 - @TestExecutionListeners is not present for class [com.example.SpringBootHelloWorldApplicationTests]: using defaults.
2016-08-02 12:40:34 INFO  WebTestContextBootstrapper:258 - Loaded default TestExecutionListener class names from location [META-INF/spring.factories]: [org.springframework.test.context.web.ServletTestExecutionListener, org.springframework.test.context.support.DirtiesContextBeforeModesTestExecutionListener, org.springframework.test.context.support.DependencyInjectionTestExecutionListener, org.springframework.test.context.support.DirtiesContextTestExecutionListener, org.springframework.test.context.transaction.TransactionalTestExecutionListener, org.springframework.test.context.jdbc.SqlScriptsTestExecutionListener]
2016-08-02 12:40:34 INFO  WebTestContextBootstrapper:207 - Could not instantiate TestExecutionListener [org.springframework.test.context.transaction.TransactionalTestExecutionListener]. Specify custom listener classes or make the default listener classes (and their required dependencies) available. Offending class: [org/springframework/transaction/interceptor/TransactionAttributeSource]
2016-08-02 12:40:34 INFO  WebTestContextBootstrapper:207 - Could not instantiate TestExecutionListener [org.springframework.test.context.jdbc.SqlScriptsTestExecutionListener]. Specify custom listener classes or make the default listener classes (and their required dependencies) available. Offending class: [org/springframework/transaction/interceptor/TransactionAttribute]
2016-08-02 12:40:34 INFO  WebTestContextBootstrapper:185 - Using TestExecutionListeners: [org.springframework.test.context.web.ServletTestExecutionListener@10736d9, org.springframework.test.context.support.DirtiesContextBeforeModesTestExecutionListener@19d02cb, org.springframework.test.context.support.DependencyInjectionTestExecutionListener@1753b6d, org.springframework.test.context.support.DirtiesContextTestExecutionListener@109bb57]
2016-08-02 12:40:34 DEBUG ProfileValueUtils:71 - Retrieved @ProfileValueSourceConfiguration [null] for test class [com.example.SpringBootHelloWorldApplicationTests]
2016-08-02 12:40:34 DEBUG ProfileValueUtils:83 - Retrieved ProfileValueSource type [class org.springframework.test.annotation.SystemProfileValueSource] for class [com.example.SpringBootHelloWorldApplicationTests]
2016-08-02 12:40:34 DEBUG ProfileValueUtils:71 - Retrieved @ProfileValueSourceConfiguration [null] for test class [com.example.SpringBootHelloWorldApplicationTests]
2016-08-02 12:40:34 DEBUG ProfileValueUtils:83 - Retrieved ProfileValueSource type [class org.springframework.test.annotation.SystemProfileValueSource] for class [com.example.SpringBootHelloWorldApplicationTests]
2016-08-02 12:40:34 DEBUG AbstractDirtiesContextTestExecutionListener:141 - Before test class: context [DefaultTestContext@15eadca testClass = SpringBootHelloWorldApplicationTests, testInstance = [null], testMethod = [null], testException = [null], mergedContextConfiguration = [WebMergedContextConfiguration@10366b4 testClass = SpringBootHelloWorldApplicationTests, locations = '{}', classes = '{class application.Application}', contextInitializerClasses = '[]', activeProfiles = '{}', propertySourceLocations = '{}', propertySourceProperties = '{}', resourceBasePath = 'src/main/webapp', contextLoader = 'org.springframework.boot.test.SpringApplicationContextLoader', parent = [null]]], class annotated with @DirtiesContext [false] with mode [null].
2016-08-02 12:40:34 DEBUG ProfileValueUtils:71 - Retrieved @ProfileValueSourceConfiguration [null] for test class [com.example.SpringBootHelloWorldApplicationTests]
2016-08-02 12:40:34 DEBUG ProfileValueUtils:83 - Retrieved ProfileValueSource type [class org.springframework.test.annotation.SystemProfileValueSource] for class [com.example.SpringBootHelloWorldApplicationTests]
2016-08-02 12:40:35 DEBUG StandardEnvironment:109 - Adding [systemProperties] PropertySource with lowest search precedence
2016-08-02 12:40:35 DEBUG StandardEnvironment:109 - Adding [systemEnvironment] PropertySource with lowest search precedence
2016-08-02 12:40:35 DEBUG StandardEnvironment:127 - Initialized StandardEnvironment with PropertySources [systemProperties,systemEnvironment]
2016-08-02 12:40:35 DEBUG StandardEnvironment:137 - Adding [integrationTest] PropertySource with search precedence immediately lower than [systemEnvironment]
2016-08-02 12:40:35 ERROR LoggingApplicationListener:338 - Cannot set level: DUBUG for 'application'
2016-08-02 12:40:35 DEBUG PropertySourcesPropertyResolver:81 - Searching for key 'context.listener.classes' in [systemProperties]
2016-08-02 12:40:35 DEBUG PropertySourcesPropertyResolver:81 - Searching for key 'context.listener.classes' in [systemEnvironment]
2016-08-02 12:40:35 DEBUG PropertySourcesPropertyResolver:81 - Searching for key 'context.listener.classes' in [random]
2016-08-02 12:40:35 DEBUG PropertySourcesPropertyResolver:81 - Searching for key 'context.listener.classes' in [integrationTest]
2016-08-02 12:40:35 DEBUG PropertySourcesPropertyResolver:81 - Searching for key 'context.listener.classes' in [applicationConfigurationProperties]
2016-08-02 12:40:35 DEBUG PropertySourcesPropertyResolver:81 - Searching for key 'context.listener.classes' in [refresh]
2016-08-02 12:40:35 DEBUG PropertySourcesPropertyResolver:103 - Could not find key 'context.listener.classes' in any property source. Returning [null]
2016-08-02 12:40:35 DEBUG PropertySourcesPropertyResolver:81 - Searching for key 'banner.location' in [systemProperties]
2016-08-02 12:40:35 DEBUG PropertySourcesPropertyResolver:81 - Searching for key 'banner.location' in [systemEnvironment]
2016-08-02 12:40:35 DEBUG PropertySourcesPropertyResolver:81 - Searching for key 'banner.location' in [random]
2016-08-02 12:40:35 DEBUG PropertySourcesPropertyResolver:81 - Searching for key 'banner.location' in [integrationTest]
2016-08-02 12:40:35 DEBUG PropertySourcesPropertyResolver:81 - Searching for key 'banner.location' in [applicationConfigurationProperties]
2016-08-02 12:40:35 DEBUG PropertySourcesPropertyResolver:81 - Searching for key 'banner.location' in [refresh]
2016-08-02 12:40:35 DEBUG PropertySourcesPropertyResolver:103 - Could not find key 'banner.location' in any property source. Returning [null]

  .   ____          _            __ _ _
 /\\ / ___'_ __ _ _(_)_ __  __ _ \ \ \ \
( ( )\___ | '_ | '_| | '_ \/ _` | \ \ \ \
 \\/  ___)| |_)| | | | | || (_| |  ) ) ) )
  '  |____| .__|_| |_|_| |_\__, | / / / /
 =========|_|==============|___/=/_/_/_/
 :: Spring Boot ::        (v1.3.6.RELEASE)

2016-08-02 12:40:35 DEBUG PropertySourcesPropertyResolver:81 - Searching for key 'context.initializer.classes' in [systemProperties]
2016-08-02 12:40:35 DEBUG PropertySourcesPropertyResolver:81 - Searching for key 'context.initializer.classes' in [systemEnvironment]
2016-08-02 12:40:35 DEBUG PropertySourcesPropertyResolver:81 - Searching for key 'context.initializer.classes' in [random]
2016-08-02 12:40:35 DEBUG PropertySourcesPropertyResolver:81 - Searching for key 'context.initializer.classes' in [integrationTest]
2016-08-02 12:40:35 DEBUG PropertySourcesPropertyResolver:81 - Searching for key 'context.initializer.classes' in [applicationConfigurationProperties]
2016-08-02 12:40:35 DEBUG PropertySourcesPropertyResolver:81 - Searching for key 'context.initializer.classes' in [refresh]
2016-08-02 12:40:35 DEBUG PropertySourcesPropertyResolver:103 - Could not find key 'context.initializer.classes' in any property source. Returning [null]
2016-08-02 12:40:35 DEBUG PropertySourcesPropertyResolver:81 - Searching for key 'spring.config.name:application' in [systemProperties]
2016-08-02 12:40:35 DEBUG PropertySourcesPropertyResolver:81 - Searching for key 'spring.config.name:application' in [systemEnvironment]
2016-08-02 12:40:35 DEBUG PropertySourcesPropertyResolver:81 - Searching for key 'spring.config.name:application' in [random]
2016-08-02 12:40:35 DEBUG PropertySourcesPropertyResolver:81 - Searching for key 'spring.config.name:application' in [integrationTest]
2016-08-02 12:40:35 DEBUG PropertySourcesPropertyResolver:81 - Searching for key 'spring.config.name:application' in [applicationConfigurationProperties]
2016-08-02 12:40:35 DEBUG PropertySourcesPropertyResolver:81 - Searching for key 'spring.config.name:application' in [refresh]
2016-08-02 12:40:35 DEBUG PropertySourcesPropertyResolver:103 - Could not find key 'spring.config.name:application' in any property source. Returning [null]
2016-08-02 12:40:35 DEBUG PropertySourcesPropertyResolver:81 - Searching for key 'spring.config.name' in [systemProperties]
2016-08-02 12:40:35 DEBUG PropertySourcesPropertyResolver:81 - Searching for key 'spring.config.name' in [systemEnvironment]
2016-08-02 12:40:35 DEBUG PropertySourcesPropertyResolver:81 - Searching for key 'spring.config.name' in [random]
2016-08-02 12:40:35 DEBUG PropertySourcesPropertyResolver:81 - Searching for key 'spring.config.name' in [integrationTest]
2016-08-02 12:40:35 DEBUG PropertySourcesPropertyResolver:81 - Searching for key 'spring.config.name' in [applicationConfigurationProperties]
2016-08-02 12:40:35 DEBUG PropertySourcesPropertyResolver:81 - Searching for key 'spring.config.name' in [refresh]
2016-08-02 12:40:35 DEBUG PropertySourcesPropertyResolver:103 - Could not find key 'spring.config.name' in any property source. Returning [null]
2016-08-02 12:40:35 DEBUG PropertySourcesPropertyResolver:81 - Searching for key 'vcap.application.name:application' in [systemProperties]
2016-08-02 12:40:35 DEBUG PropertySourcesPropertyResolver:81 - Searching for key 'vcap.application.name:application' in [systemEnvironment]
2016-08-02 12:40:35 DEBUG PropertySourcesPropertyResolver:81 - Searching for key 'vcap.application.name:application' in [random]
2016-08-02 12:40:35 DEBUG PropertySourcesPropertyResolver:81 - Searching for key 'vcap.application.name:application' in [integrationTest]
2016-08-02 12:40:35 DEBUG PropertySourcesPropertyResolver:81 - Searching for key 'vcap.application.name:application' in [applicationConfigurationProperties]
2016-08-02 12:40:35 DEBUG PropertySourcesPropertyResolver:81 - Searching for key 'vcap.application.name:application' in [refresh]
2016-08-02 12:40:35 DEBUG PropertySourcesPropertyResolver:103 - Could not find key 'vcap.application.name:application' in any property source. Returning [null]
2016-08-02 12:40:35 DEBUG PropertySourcesPropertyResolver:81 - Searching for key 'vcap.application.name' in [systemProperties]
2016-08-02 12:40:35 DEBUG PropertySourcesPropertyResolver:81 - Searching for key 'vcap.application.name' in [systemEnvironment]
2016-08-02 12:40:35 DEBUG PropertySourcesPropertyResolver:81 - Searching for key 'vcap.application.name' in [random]
2016-08-02 12:40:35 DEBUG PropertySourcesPropertyResolver:81 - Searching for key 'vcap.application.name' in [integrationTest]
2016-08-02 12:40:35 DEBUG PropertySourcesPropertyResolver:81 - Searching for key 'vcap.application.name' in [applicationConfigurationProperties]
2016-08-02 12:40:35 DEBUG PropertySourcesPropertyResolver:81 - Searching for key 'vcap.application.name' in [refresh]
2016-08-02 12:40:35 DEBUG PropertySourcesPropertyResolver:103 - Could not find key 'vcap.application.name' in any property source. Returning [null]
2016-08-02 12:40:35 DEBUG PropertySourcesPropertyResolver:81 - Searching for key 'spring.application.name:application' in [systemProperties]
2016-08-02 12:40:35 DEBUG PropertySourcesPropertyResolver:81 - Searching for key 'spring.application.name:application' in [systemEnvironment]
2016-08-02 12:40:35 DEBUG PropertySourcesPropertyResolver:81 - Searching for key 'spring.application.name:application' in [random]
2016-08-02 12:40:35 DEBUG PropertySourcesPropertyResolver:81 - Searching for key 'spring.application.name:application' in [integrationTest]
2016-08-02 12:40:35 DEBUG PropertySourcesPropertyResolver:81 - Searching for key 'spring.application.name:application' in [applicationConfigurationProperties]
2016-08-02 12:40:35 DEBUG PropertySourcesPropertyResolver:81 - Searching for key 'spring.application.name:application' in [refresh]
2016-08-02 12:40:35 DEBUG PropertySourcesPropertyResolver:103 - Could not find key 'spring.application.name:application' in any property source. Returning [null]
2016-08-02 12:40:36 DEBUG PropertySourcesPropertyResolver:81 - Searching for key 'spring.application.name' in [systemProperties]
2016-08-02 12:40:36 DEBUG PropertySourcesPropertyResolver:81 - Searching for key 'spring.application.name' in [systemEnvironment]
2016-08-02 12:40:36 DEBUG PropertySourcesPropertyResolver:81 - Searching for key 'spring.application.name' in [random]
2016-08-02 12:40:36 DEBUG PropertySourcesPropertyResolver:81 - Searching for key 'spring.application.name' in [integrationTest]
2016-08-02 12:40:36 DEBUG PropertySourcesPropertyResolver:81 - Searching for key 'spring.application.name' in [applicationConfigurationProperties]
2016-08-02 12:40:36 DEBUG PropertySourcesPropertyResolver:81 - Searching for key 'spring.application.name' in [refresh]
2016-08-02 12:40:36 DEBUG PropertySourcesPropertyResolver:103 - Could not find key 'spring.application.name' in any property source. Returning [null]
2016-08-02 12:40:36 DEBUG PropertySourcesPropertyResolver:81 - Searching for key 'PORT:null' in [systemProperties]
2016-08-02 12:40:36 DEBUG PropertySourcesPropertyResolver:81 - Searching for key 'PORT:null' in [systemEnvironment]
2016-08-02 12:40:36 DEBUG PropertySourcesPropertyResolver:81 - Searching for key 'PORT:null' in [random]
2016-08-02 12:40:36 DEBUG PropertySourcesPropertyResolver:81 - Searching for key 'PORT:null' in [integrationTest]
2016-08-02 12:40:36 DEBUG PropertySourcesPropertyResolver:81 - Searching for key 'PORT:null' in [applicationConfigurationProperties]
2016-08-02 12:40:36 DEBUG PropertySourcesPropertyResolver:81 - Searching for key 'PORT:null' in [refresh]
2016-08-02 12:40:36 DEBUG PropertySourcesPropertyResolver:103 - Could not find key 'PORT:null' in any property source. Returning [null]
2016-08-02 12:40:36 DEBUG PropertySourcesPropertyResolver:81 - Searching for key 'PORT' in [systemProperties]
2016-08-02 12:40:36 DEBUG PropertySourcesPropertyResolver:81 - Searching for key 'PORT' in [systemEnvironment]
2016-08-02 12:40:36 DEBUG PropertySourcesPropertyResolver:81 - Searching for key 'PORT' in [random]
2016-08-02 12:40:36 DEBUG PropertySourcesPropertyResolver:81 - Searching for key 'PORT' in [integrationTest]
2016-08-02 12:40:36 DEBUG PropertySourcesPropertyResolver:81 - Searching for key 'PORT' in [applicationConfigurationProperties]
2016-08-02 12:40:36 DEBUG PropertySourcesPropertyResolver:81 - Searching for key 'PORT' in [refresh]
2016-08-02 12:40:36 DEBUG PropertySourcesPropertyResolver:103 - Could not find key 'PORT' in any property source. Returning [null]
2016-08-02 12:40:36 DEBUG PropertySourcesPropertyResolver:81 - Searching for key 'server.port:null' in [systemProperties]
2016-08-02 12:40:36 DEBUG PropertySourcesPropertyResolver:81 - Searching for key 'server.port:null' in [systemEnvironment]
2016-08-02 12:40:36 DEBUG PropertySourcesPropertyResolver:81 - Searching for key 'server.port:null' in [random]
2016-08-02 12:40:36 DEBUG PropertySourcesPropertyResolver:81 - Searching for key 'server.port:null' in [integrationTest]
2016-08-02 12:40:36 DEBUG PropertySourcesPropertyResolver:81 - Searching for key 'server.port:null' in [applicationConfigurationProperties]
2016-08-02 12:40:36 DEBUG PropertySourcesPropertyResolver:81 - Searching for key 'server.port:null' in [refresh]
2016-08-02 12:40:36 DEBUG PropertySourcesPropertyResolver:103 - Could not find key 'server.port:null' in any property source. Returning [null]
2016-08-02 12:40:36 DEBUG PropertySourcesPropertyResolver:81 - Searching for key 'server.port' in [systemProperties]
2016-08-02 12:40:36 DEBUG PropertySourcesPropertyResolver:81 - Searching for key 'server.port' in [systemEnvironment]
2016-08-02 12:40:36 DEBUG PropertySourcesPropertyResolver:81 - Searching for key 'server.port' in [random]
2016-08-02 12:40:36 DEBUG PropertySourcesPropertyResolver:81 - Searching for key 'server.port' in [integrationTest]
2016-08-02 12:40:36 DEBUG PropertySourcesPropertyResolver:90 - Found key 'server.port' in [integrationTest] with type [String] and value '-1'
2016-08-02 12:40:36 DEBUG PropertySourcesPropertyResolver:81 - Searching for key 'spring.application.index:-1' in [systemProperties]
2016-08-02 12:40:36 DEBUG PropertySourcesPropertyResolver:81 - Searching for key 'spring.application.index:-1' in [systemEnvironment]
2016-08-02 12:40:36 DEBUG PropertySourcesPropertyResolver:81 - Searching for key 'spring.application.index:-1' in [random]
2016-08-02 12:40:36 DEBUG PropertySourcesPropertyResolver:81 - Searching for key 'spring.application.index:-1' in [integrationTest]
2016-08-02 12:40:36 DEBUG PropertySourcesPropertyResolver:81 - Searching for key 'spring.application.index:-1' in [applicationConfigurationProperties]
2016-08-02 12:40:36 DEBUG PropertySourcesPropertyResolver:81 - Searching for key 'spring.application.index:-1' in [refresh]
2016-08-02 12:40:36 DEBUG PropertySourcesPropertyResolver:103 - Could not find key 'spring.application.index:-1' in any property source. Returning [null]
2016-08-02 12:40:36 DEBUG PropertySourcesPropertyResolver:81 - Searching for key 'spring.application.index' in [systemProperties]
2016-08-02 12:40:36 DEBUG PropertySourcesPropertyResolver:81 - Searching for key 'spring.application.index' in [systemEnvironment]
2016-08-02 12:40:36 DEBUG PropertySourcesPropertyResolver:81 - Searching for key 'spring.application.index' in [random]
2016-08-02 12:40:36 DEBUG PropertySourcesPropertyResolver:81 - Searching for key 'spring.application.index' in [integrationTest]
2016-08-02 12:40:36 DEBUG PropertySourcesPropertyResolver:81 - Searching for key 'spring.application.index' in [applicationConfigurationProperties]
2016-08-02 12:40:36 DEBUG PropertySourcesPropertyResolver:81 - Searching for key 'spring.application.index' in [refresh]
2016-08-02 12:40:36 DEBUG PropertySourcesPropertyResolver:103 - Could not find key 'spring.application.index' in any property source. Returning [null]
2016-08-02 12:40:36 DEBUG PropertySourcesPropertyResolver:81 - Searching for key 'vcap.application.instance_index:-1' in [systemProperties]
2016-08-02 12:40:36 DEBUG PropertySourcesPropertyResolver:81 - Searching for key 'vcap.application.instance_index:-1' in [systemEnvironment]
2016-08-02 12:40:36 DEBUG PropertySourcesPropertyResolver:81 - Searching for key 'vcap.application.instance_index:-1' in [random]
2016-08-02 12:40:36 DEBUG PropertySourcesPropertyResolver:81 - Searching for key 'vcap.application.instance_index:-1' in [integrationTest]
2016-08-02 12:40:36 DEBUG PropertySourcesPropertyResolver:81 - Searching for key 'vcap.application.instance_index:-1' in [applicationConfigurationProperties]
2016-08-02 12:40:36 DEBUG PropertySourcesPropertyResolver:81 - Searching for key 'vcap.application.instance_index:-1' in [refresh]
2016-08-02 12:40:36 DEBUG PropertySourcesPropertyResolver:103 - Could not find key 'vcap.application.instance_index:-1' in any property source. Returning [null]
2016-08-02 12:40:36 DEBUG PropertySourcesPropertyResolver:81 - Searching for key 'vcap.application.instance_index' in [systemProperties]
2016-08-02 12:40:36 DEBUG PropertySourcesPropertyResolver:81 - Searching for key 'vcap.application.instance_index' in [systemEnvironment]
2016-08-02 12:40:36 DEBUG PropertySourcesPropertyResolver:81 - Searching for key 'vcap.application.instance_index' in [random]
2016-08-02 12:40:36 DEBUG PropertySourcesPropertyResolver:81 - Searching for key 'vcap.application.instance_index' in [integrationTest]
2016-08-02 12:40:36 DEBUG PropertySourcesPropertyResolver:81 - Searching for key 'vcap.application.instance_index' in [applicationConfigurationProperties]
2016-08-02 12:40:36 DEBUG PropertySourcesPropertyResolver:81 - Searching for key 'vcap.application.instance_index' in [refresh]
2016-08-02 12:40:36 DEBUG PropertySourcesPropertyResolver:103 - Could not find key 'vcap.application.instance_index' in any property source. Returning [null]
2016-08-02 12:40:36 DEBUG PropertySourcesPropertyResolver:81 - Searching for key 'spring.profiles.active' in [systemProperties]
2016-08-02 12:40:36 DEBUG PropertySourcesPropertyResolver:81 - Searching for key 'spring.profiles.active' in [systemEnvironment]
2016-08-02 12:40:36 DEBUG PropertySourcesPropertyResolver:81 - Searching for key 'spring.profiles.active' in [random]
2016-08-02 12:40:36 DEBUG PropertySourcesPropertyResolver:81 - Searching for key 'spring.profiles.active' in [integrationTest]
2016-08-02 12:40:36 DEBUG PropertySourcesPropertyResolver:81 - Searching for key 'spring.profiles.active' in [applicationConfigurationProperties]
2016-08-02 12:40:36 DEBUG PropertySourcesPropertyResolver:81 - Searching for key 'spring.profiles.active' in [refresh]
2016-08-02 12:40:36 DEBUG PropertySourcesPropertyResolver:103 - Could not find key 'spring.profiles.active' in any property source. Returning [null]
2016-08-02 12:40:36 DEBUG DefaultListableBeanFactory:874 - Registering scope 'restart' with implementation [org.springframework.boot.devtools.restart.RestartScopeInitializer$RestartScope@1fbdac4]
2016-08-02 12:40:36 INFO  SpringBootHelloWorldApplicationTests:48 - Starting SpringBootHelloWorldApplicationTests on MAXIMYIIIKA with PID 6768 (started by maxim in C:\Users\maxim\IdeaProjects\multi-module-project Ч копи€\moduleplatform)
2016-08-02 12:40:36 DEBUG SpringBootHelloWorldApplicationTests:51 - Running with Spring Boot v1.3.6.RELEASE, Spring v4.2.7.RELEASE
2016-08-02 12:40:36 DEBUG PropertySourcesPropertyResolver:81 - Searching for key 'spring.profiles.active' in [systemProperties]
2016-08-02 12:40:36 DEBUG PropertySourcesPropertyResolver:81 - Searching for key 'spring.profiles.active' in [systemEnvironment]
2016-08-02 12:40:36 DEBUG PropertySourcesPropertyResolver:81 - Searching for key 'spring.profiles.active' in [random]
2016-08-02 12:40:36 DEBUG PropertySourcesPropertyResolver:81 - Searching for key 'spring.profiles.active' in [integrationTest]
2016-08-02 12:40:36 DEBUG PropertySourcesPropertyResolver:81 - Searching for key 'spring.profiles.active' in [applicationConfigurationProperties]
2016-08-02 12:40:36 DEBUG PropertySourcesPropertyResolver:81 - Searching for key 'spring.profiles.active' in [refresh]
2016-08-02 12:40:36 DEBUG PropertySourcesPropertyResolver:103 - Could not find key 'spring.profiles.active' in any property source. Returning [null]
2016-08-02 12:40:36 DEBUG PropertySourcesPropertyResolver:81 - Searching for key 'spring.profiles.default' in [systemProperties]
2016-08-02 12:40:36 DEBUG PropertySourcesPropertyResolver:81 - Searching for key 'spring.profiles.default' in [systemEnvironment]
2016-08-02 12:40:36 DEBUG PropertySourcesPropertyResolver:81 - Searching for key 'spring.profiles.default' in [random]
2016-08-02 12:40:36 DEBUG PropertySourcesPropertyResolver:81 - Searching for key 'spring.profiles.default' in [integrationTest]
2016-08-02 12:40:36 DEBUG PropertySourcesPropertyResolver:81 - Searching for key 'spring.profiles.default' in [applicationConfigurationProperties]
2016-08-02 12:40:36 DEBUG PropertySourcesPropertyResolver:81 - Searching for key 'spring.profiles.default' in [refresh]
2016-08-02 12:40:36 DEBUG PropertySourcesPropertyResolver:103 - Could not find key 'spring.profiles.default' in any property source. Returning [null]
2016-08-02 12:40:36 INFO  SpringBootHelloWorldApplicationTests:660 - No active profile set, falling back to default profiles: default
2016-08-02 12:40:36 DEBUG SpringApplication:688 - Loading source class application.Application
2016-08-02 12:40:36 DEBUG ClassPathBeanDefinitionScanner:244 - JSR-250 'javax.annotation.ManagedBean' found and supported for component scanning
2016-08-02 12:40:36 DEBUG ConfigFileApplicationListener:172 - Loaded config file 'classpath:/application.properties'
2016-08-02 12:40:36 DEBUG ConfigFileApplicationListener:172 - Skipped (empty) config file 'classpath:/application.properties' for profile default
2016-08-02 12:40:36 INFO  GenericWebApplicationContext:578 - Refreshing org.springframework.web.context.support.GenericWebApplicationContext@1a9ad43: startup date [Tue Aug 02 12:40:36 BRT 2016]; root of context hierarchy
2016-08-02 12:40:36 DEBUG GenericWebApplicationContext:612 - Bean factory for org.springframework.web.context.support.GenericWebApplicationContext@1a9ad43: org.springframework.beans.factory.support.DefaultListableBeanFactory@1d296da: defining beans [org.springframework.context.annotation.internalConfigurationAnnotationProcessor,org.springframework.context.annotation.internalAutowiredAnnotationProcessor,org.springframework.context.annotation.internalRequiredAnnotationProcessor,org.springframework.context.annotation.internalCommonAnnotationProcessor,org.springframework.context.event.internalEventListenerProcessor,org.springframework.context.event.internalEventListenerFactory,application]; root of factory hierarchy
2016-08-02 12:40:36 DEBUG DefaultListableBeanFactory:874 - Registering scope 'request' with implementation [org.springframework.web.context.request.RequestScope@57f613]
2016-08-02 12:40:36 DEBUG DefaultListableBeanFactory:874 - Registering scope 'session' with implementation [org.springframework.web.context.request.SessionScope@9754d8]
2016-08-02 12:40:36 DEBUG DefaultListableBeanFactory:874 - Registering scope 'globalSession' with implementation [org.springframework.web.context.request.SessionScope@1f7ca37]
2016-08-02 12:40:36 DEBUG DefaultListableBeanFactory:874 - Registering scope 'application' with implementation [org.springframework.web.context.support.ServletContextScope@12bac3f]
2016-08-02 12:40:36 DEBUG DefaultListableBeanFactory:221 - Creating shared instance of singleton bean 'org.springframework.context.annotation.internalConfigurationAnnotationProcessor'
2016-08-02 12:40:36 DEBUG DefaultListableBeanFactory:448 - Creating instance of bean 'org.springframework.context.annotation.internalConfigurationAnnotationProcessor'
2016-08-02 12:40:36 DEBUG DefaultListableBeanFactory:529 - Eagerly caching bean 'org.springframework.context.annotation.internalConfigurationAnnotationProcessor' to allow for resolving potential circular references
2016-08-02 12:40:36 DEBUG DefaultListableBeanFactory:484 - Finished creating instance of bean 'org.springframework.context.annotation.internalConfigurationAnnotationProcessor'
2016-08-02 12:40:36 DEBUG StandardEnvironment:109 - Adding [systemProperties] PropertySource with lowest search precedence
2016-08-02 12:40:36 DEBUG StandardEnvironment:109 - Adding [systemEnvironment] PropertySource with lowest search precedence
2016-08-02 12:40:36 DEBUG StandardEnvironment:127 - Initialized StandardEnvironment with PropertySources [systemProperties,systemEnvironment]
2016-08-02 12:40:36 DEBUG ClassPathBeanDefinitionScanner:244 - JSR-250 'javax.annotation.ManagedBean' found and supported for component scanning
2016-08-02 12:40:36 DEBUG PathMatchingResourcePatternResolver:312 - Resolved classpath location [///] to resources [URL [file:/C:/Users/maxim/IdeaProjects/multi-module-project%20%e2%80%94%20%d0%ba%d0%be%d0%bf%d0%b8%d1%8f/moduleplatform/target/test-classes/], URL [file:/C:/Users/maxim/IdeaProjects/multi-module-project%20%e2%80%94%20%d0%ba%d0%be%d0%bf%d0%b8%d1%8f/moduleplatform/target/classes/]]
2016-08-02 12:40:36 DEBUG PathMatchingResourcePatternResolver:637 - Looking for matching resources in directory tree [C:\Users\maxim\IdeaProjects\multi-module-project Ч копи€\moduleplatform\target\test-classes]
2016-08-02 12:40:36 DEBUG PathMatchingResourcePatternResolver:699 - Searching directory [C:\Users\maxim\IdeaProjects\multi-module-project Ч копи€\moduleplatform\target\test-classes] for files matching pattern [C:/Users/maxim/IdeaProjects/multi-module-project Ч копи€/moduleplatform/target/test-classes/**/*.class]
2016-08-02 12:40:36 DEBUG PathMatchingResourcePatternResolver:699 - Searching directory [C:\Users\maxim\IdeaProjects\multi-module-project Ч копи€\moduleplatform\target\test-classes\com] for files matching pattern [C:/Users/maxim/IdeaProjects/multi-module-project Ч копи€/moduleplatform/target/test-classes/**/*.class]
2016-08-02 12:40:36 DEBUG PathMatchingResourcePatternResolver:699 - Searching directory [C:\Users\maxim\IdeaProjects\multi-module-project Ч копи€\moduleplatform\target\test-classes\com\example] for files matching pattern [C:/Users/maxim/IdeaProjects/multi-module-project Ч копи€/moduleplatform/target/test-classes/**/*.class]
2016-08-02 12:40:36 DEBUG PathMatchingResourcePatternResolver:637 - Looking for matching resources in directory tree [C:\Users\maxim\IdeaProjects\multi-module-project Ч копи€\moduleplatform\target\classes]
2016-08-02 12:40:36 DEBUG PathMatchingResourcePatternResolver:699 - Searching directory [C:\Users\maxim\IdeaProjects\multi-module-project Ч копи€\moduleplatform\target\classes] for files matching pattern [C:/Users/maxim/IdeaProjects/multi-module-project Ч копи€/moduleplatform/target/classes/**/*.class]
2016-08-02 12:40:36 DEBUG PathMatchingResourcePatternResolver:699 - Searching directory [C:\Users\maxim\IdeaProjects\multi-module-project Ч копи€\moduleplatform\target\classes\application] for files matching pattern [C:/Users/maxim/IdeaProjects/multi-module-project Ч копи€/moduleplatform/target/classes/**/*.class]
2016-08-02 12:40:36 DEBUG PathMatchingResourcePatternResolver:699 - Searching directory [C:\Users\maxim\IdeaProjects\multi-module-project Ч копи€\moduleplatform\target\classes\interfaces] for files matching pattern [C:/Users/maxim/IdeaProjects/multi-module-project Ч копи€/moduleplatform/target/classes/**/*.class]
2016-08-02 12:40:36 DEBUG PathMatchingResourcePatternResolver:699 - Searching directory [C:\Users\maxim\IdeaProjects\multi-module-project Ч копи€\moduleplatform\target\classes\logs] for files matching pattern [C:/Users/maxim/IdeaProjects/multi-module-project Ч копи€/moduleplatform/target/classes/**/*.class]
2016-08-02 12:40:36 DEBUG PathMatchingResourcePatternResolver:699 - Searching directory [C:\Users\maxim\IdeaProjects\multi-module-project Ч копи€\moduleplatform\target\classes\static] for files matching pattern [C:/Users/maxim/IdeaProjects/multi-module-project Ч копи€/moduleplatform/target/classes/**/*.class]
2016-08-02 12:40:36 DEBUG PathMatchingResourcePatternResolver:699 - Searching directory [C:\Users\maxim\IdeaProjects\multi-module-project Ч копи€\moduleplatform\target\classes\templates] for files matching pattern [C:/Users/maxim/IdeaProjects/multi-module-project Ч копи€/moduleplatform/target/classes/**/*.class]
2016-08-02 12:40:36 DEBUG PathMatchingResourcePatternResolver:430 - Resolved location pattern [classpath*:///**/*.class] to resources [file [C:\Users\maxim\IdeaProjects\multi-module-project Ч копи€\moduleplatform\target\test-classes\com\example\SpringBootHelloWorldApplicationTests.class], file [C:\Users\maxim\IdeaProjects\multi-module-project Ч копи€\moduleplatform\target\classes\application\Application.class], file [C:\Users\maxim\IdeaProjects\multi-module-project Ч копи€\moduleplatform\target\classes\application\MainController.class], file [C:\Users\maxim\IdeaProjects\multi-module-project Ч копи€\moduleplatform\target\classes\application\ModulePlatform.class], file [C:\Users\maxim\IdeaProjects\multi-module-project Ч копи€\moduleplatform\target\classes\application\SecondaryController.class], file [C:\Users\maxim\IdeaProjects\multi-module-project Ч копи€\moduleplatform\target\classes\interfaces\Module.class], file [C:\Users\maxim\IdeaProjects\multi-module-project Ч копи€\moduleplatform\target\classes\interfaces\ModuleInfo.class]]
2016-08-02 12:40:36 DEBUG ClassPathBeanDefinitionScanner:286 - Identified candidate component class: file [C:\Users\maxim\IdeaProjects\multi-module-project Ч копи€\moduleplatform\target\classes\application\MainController.class]
2016-08-02 12:40:36 DEBUG ClassPathBeanDefinitionScanner:286 - Identified candidate component class: file [C:\Users\maxim\IdeaProjects\multi-module-project Ч копи€\moduleplatform\target\classes\application\ModulePlatform.class]
2016-08-02 12:40:36 DEBUG ClassPathBeanDefinitionScanner:286 - Identified candidate component class: file [C:\Users\maxim\IdeaProjects\multi-module-project Ч копи€\moduleplatform\target\classes\application\SecondaryController.class]
2016-08-02 12:40:36 DEBUG ClassPathBeanDefinitionScanner:292 - Ignored because not a concrete top-level class: file [C:\Users\maxim\IdeaProjects\multi-module-project Ч копи€\moduleplatform\target\classes\interfaces\Module.class]
2016-08-02 12:40:36 DEBUG ClassPathBeanDefinitionScanner:292 - Ignored because not a concrete top-level class: file [C:\Users\maxim\IdeaProjects\multi-module-project Ч копи€\moduleplatform\target\classes\interfaces\ModuleInfo.class]
2016-08-02 12:40:36 DEBUG PropertySourcesPropertyResolver:81 - Searching for key 'idea.version' in [systemProperties]
2016-08-02 12:40:36 DEBUG PropertySourcesPropertyResolver:90 - Found key 'idea.version' in [systemProperties] with type [String] and value '2016.2'
2016-08-02 12:40:36 DEBUG PropertySourcesPropertyResolver:81 - Searching for key 'java.runtime.name' in [systemProperties]
2016-08-02 12:40:36 DEBUG PropertySourcesPropertyResolver:90 - Found key 'java.runtime.name' in [systemProperties] with type [String] and value 'Java(TM) SE Runtime Environment'
2016-08-02 12:40:36 DEBUG PropertySourcesPropertyResolver:81 - Searching for key 'sun.boot.library.path' in [systemProperties]
2016-08-02 12:40:36 DEBUG PropertySourcesPropertyResolver:90 - Found key 'sun.boot.library.path' in [systemProperties] with type [String] and value 'C:\Program Files (x86)\Java\jdk1.8.0_31\jre\bin'
2016-08-02 12:40:36 DEBUG PropertySourcesPropertyResolver:81 - Searching for key 'java.vm.version' in [systemProperties]
2016-08-02 12:40:36 DEBUG PropertySourcesPropertyResolver:90 - Found key 'java.vm.version' in [systemProperties] with type [String] and value '25.31-b07'
2016-08-02 12:40:36 DEBUG PropertySourcesPropertyResolver:81 - Searching for key 'java.vm.vendor' in [systemProperties]
2016-08-02 12:40:36 DEBUG PropertySourcesPropertyResolver:90 - Found key 'java.vm.vendor' in [systemProperties] with type [String] and value 'Oracle Corporation'
2016-08-02 12:40:36 DEBUG PropertySourcesPropertyResolver:81 - Searching for key 'java.vendor.url' in [systemProperties]
2016-08-02 12:40:36 DEBUG PropertySourcesPropertyResolver:90 - Found key 'java.vendor.url' in [systemProperties] with type [String] and value 'http://java.oracle.com/'
2016-08-02 12:40:36 DEBUG PropertySourcesPropertyResolver:81 - Searching for key 'path.separator' in [systemProperties]
2016-08-02 12:40:36 DEBUG PropertySourcesPropertyResolver:90 - Found key 'path.separator' in [systemProperties] with type [String] and value ';'
2016-08-02 12:40:36 DEBUG PropertySourcesPropertyResolver:81 - Searching for key 'java.vm.name' in [systemProperties]
2016-08-02 12:40:36 DEBUG PropertySourcesPropertyResolver:90 - Found key 'java.vm.name' in [systemProperties] with type [String] and value 'Java HotSpot(TM) Client VM'
2016-08-02 12:40:36 DEBUG PropertySourcesPropertyResolver:81 - Searching for key 'file.encoding.pkg' in [systemProperties]
2016-08-02 12:40:36 DEBUG PropertySourcesPropertyResolver:90 - Found key 'file.encoding.pkg' in [systemProperties] with type [String] and value 'sun.io'
2016-08-02 12:40:36 DEBUG PropertySourcesPropertyResolver:81 - Searching for key 'user.country' in [systemProperties]
2016-08-02 12:40:36 DEBUG PropertySourcesPropertyResolver:90 - Found key 'user.country' in [systemProperties] with type [String] and value 'RU'
2016-08-02 12:40:36 DEBUG PropertySourcesPropertyResolver:81 - Searching for key 'user.script' in [systemProperties]
2016-08-02 12:40:36 DEBUG PropertySourcesPropertyResolver:90 - Found key 'user.script' in [systemProperties] with type [String] and value ''
2016-08-02 12:40:36 DEBUG PropertySourcesPropertyResolver:81 - Searching for key 'sun.java.launcher' in [systemProperties]
2016-08-02 12:40:36 DEBUG PropertySourcesPropertyResolver:90 - Found key 'sun.java.launcher' in [systemProperties] with type [String] and value 'SUN_STANDARD'
2016-08-02 12:40:36 DEBUG PropertySourcesPropertyResolver:81 - Searching for key 'sun.os.patch.level' in [systemProperties]
2016-08-02 12:40:36 DEBUG PropertySourcesPropertyResolver:90 - Found key 'sun.os.patch.level' in [systemProperties] with type [String] and value ''
2016-08-02 12:40:36 DEBUG PropertySourcesPropertyResolver:81 - Searching for key 'PID' in [systemProperties]
2016-08-02 12:40:36 DEBUG PropertySourcesPropertyResolver:90 - Found key 'PID' in [systemProperties] with type [String] and value '6768'
2016-08-02 12:40:36 DEBUG PropertySourcesPropertyResolver:81 - Searching for key 'java.vm.specification.name' in [systemProperties]
[...]
	at org.springframework.test.context.web.ServletTestExecutionListener.setUpRequestContextIfNecessary(ServletTestExecutionListener.java:183)
	at org.springframework.test.context.web.ServletTestExecutionListener.prepareTestInstance(ServletTestExecutionListener.java:123)
	at org.springframework.test.context.TestContextManager.prepareTestInstance(TestContextManager.java:228)
	at org.springframework.test.context.junit4.SpringJUnit4ClassRunner.createTest(SpringJUnit4ClassRunner.java:230)
	at org.springframework.test.context.junit4.SpringJUnit4ClassRunner$1.runReflectiveCall(SpringJUnit4ClassRunner.java:289)
	at org.junit.internal.runners.model.ReflectiveCallable.run(ReflectiveCallable.java:12)
	at org.springframework.test.context.junit4.SpringJUnit4ClassRunner.methodBlock(SpringJUnit4ClassRunner.java:291)
	at org.springframework.test.context.junit4.SpringJUnit4ClassRunner.runChild(SpringJUnit4ClassRunner.java:249)
	at org.springframework.test.context.junit4.SpringJUnit4ClassRunner.runChild(SpringJUnit4ClassRunner.java:89)
	at org.junit.runners.ParentRunner$3.run(ParentRunner.java:290)
	at org.junit.runners.ParentRunner$1.schedule(ParentRunner.java:71)
	at org.junit.runners.ParentRunner.runChildren(ParentRunner.java:288)
	at org.junit.runners.ParentRunner.access$000(ParentRunner.java:58)
	at org.junit.runners.ParentRunner$2.evaluate(ParentRunner.java:268)
	at org.springframework.test.context.junit4.statements.RunBeforeTestClassCallbacks.evaluate(RunBeforeTestClassCallbacks.java:61)
	at org.springframework.test.context.junit4.statements.RunAfterTestClassCallbacks.evaluate(RunAfterTestClassCallbacks.java:70)
	at org.junit.runners.ParentRunner.run(ParentRunner.java:363)
	at org.springframework.test.context.junit4.SpringJUnit4ClassRunner.run(SpringJUnit4ClassRunner.java:193)
	at org.apache.maven.surefire.junit4.JUnit4Provider.execute(JUnit4Provider.java:283)
	at org.apache.maven.surefire.junit4.JUnit4Provider.executeWithRerun(JUnit4Provider.java:173)
	at org.apache.maven.surefire.junit4.JUnit4Provider.executeTestSet(JUnit4Provider.java:153)
	at org.apache.maven.surefire.junit4.JUnit4Provider.invoke(JUnit4Provider.java:128)
	at org.apache.maven.surefire.booter.ForkedBooter.invokeProviderInSameClassLoader(ForkedBooter.java:203)
	at org.apache.maven.surefire.booter.ForkedBooter.runSuitesInProcess(ForkedBooter.java:155)
	at org.apache.maven.surefire.booter.ForkedBooter.main(ForkedBooter.java:103)
Caused by: org.springframework.beans.factory.BeanCreationException: Could not autowire field: application.ModulePlatform application.MainController.platform; nested exception is org.springframework.beans.factory.BeanCreationException: Error creating bean with name 'modulePlatform': Injection of autowired dependencies failed; nested exception is org.springframework.beans.factory.BeanCreationException: Could not autowire field: private java.util.List application.ModulePlatform.modules; nested exception is org.springframework.beans.factory.NoSuchBeanDefinitionException: No qualifying bean of type [interfaces.Module] found for dependency [collection of interfaces.Module]: expected at least 1 bean which qualifies as autowire candidate for this dependency. Dependency annotations: {@org.springframework.beans.factory.annotation.Autowired(required=true)}
	at org.springframework.beans.factory.annotation.AutowiredAnnotationBeanPostProcessor$AutowiredFieldElement.inject(AutowiredAnnotationBeanPostProcessor.java:573)
	at org.springframework.beans.factory.annotation.InjectionMetadata.inject(InjectionMetadata.java:88)
	at org.springframework.beans.factory.annotation.AutowiredAnnotationBeanPostProcessor.postProcessPropertyValues(AutowiredAnnotationBeanPostProcessor.java:331)
	... 42 more
Caused by: org.springframework.beans.factory.BeanCreationException: Error creating bean with name 'modulePlatform': Injection of autowired dependencies failed; nested exception is org.springframework.beans.factory.BeanCreationException: Could not autowire field: private java.util.List application.ModulePlatform.modules; nested exception is org.springframework.beans.factory.NoSuchBeanDefinitionException: No qualifying bean of type [interfaces.Module] found for dependency [collection of interfaces.Module]: expected at least 1 bean which qualifies as autowire candidate for this dependency. Dependency annotations: {@org.springframework.beans.factory.annotation.Autowired(required=true)}
	at org.springframework.beans.factory.annotation.AutowiredAnnotationBeanPostProcessor.postProcessPropertyValues(AutowiredAnnotationBeanPostProcessor.java:334)
	at org.springframework.beans.factory.support.AbstractAutowireCapableBeanFactory.populateBean(AbstractAutowireCapableBeanFactory.java:1214)
	at org.springframework.beans.factory.support.AbstractAutowireCapableBeanFactory.doCreateBean(AbstractAutowireCapableBeanFactory.java:543)
	at org.springframework.beans.factory.support.AbstractAutowireCapableBeanFactory.createBean(AbstractAutowireCapableBeanFactory.java:482)
	at org.springframework.beans.factory.support.AbstractBeanFactory$1.getObject(AbstractBeanFactory.java:306)
	at org.springframework.beans.factory.support.DefaultSingletonBeanRegistry.getSingleton(DefaultSingletonBeanRegistry.java:230)
	at org.springframework.beans.factory.support.AbstractBeanFactory.doGetBean(AbstractBeanFactory.java:302)
	at org.springframework.beans.factory.support.AbstractBeanFactory.getBean(AbstractBeanFactory.java:197)
	at org.springframework.beans.factory.support.DefaultListableBeanFactory.findAutowireCandidates(DefaultListableBeanFactory.java:1192)
	at org.springframework.beans.factory.support.DefaultListableBeanFactory.doResolveDependency(DefaultListableBeanFactory.java:1116)
	at org.springframework.beans.factory.support.DefaultListableBeanFactory.resolveDependency(DefaultListableBeanFactory.java:1014)
	at org.springframework.beans.factory.annotation.AutowiredAnnotationBeanPostProcessor$AutowiredFieldElement.inject(AutowiredAnnotationBeanPostProcessor.java:545)
	... 44 more
Caused by: org.springframework.beans.factory.BeanCreationException: Could not autowire field: private java.util.List application.ModulePlatform.modules; nested exception is org.springframework.beans.factory.NoSuchBeanDefinitionException: No qualifying bean of type [interfaces.Module] found for dependency [collection of interfaces.Module]: expected at least 1 bean which qualifies as autowire candidate for this dependency. Dependency annotations: {@org.springframework.beans.factory.annotation.Autowired(required=true)}
	at org.springframework.beans.factory.annotation.AutowiredAnnotationBeanPostProcessor$AutowiredFieldElement.inject(AutowiredAnnotationBeanPostProcessor.java:573)
	at org.springframework.beans.factory.annotation.InjectionMetadata.inject(InjectionMetadata.java:88)
	at org.springframework.beans.factory.annotation.AutowiredAnnotationBeanPostProcessor.postProcessPropertyValues(AutowiredAnnotationBeanPostProcessor.java:331)
	... 55 more
Caused by: org.springframework.beans.factory.NoSuchBeanDefinitionException: No qualifying bean of type [interfaces.Module] found for dependency [collection of interfaces.Module]: expected at least 1 bean which qualifies as autowire candidate for this dependency. Dependency annotations: {@org.springframework.beans.factory.annotation.Autowired(required=true)}
	at org.springframework.beans.factory.support.DefaultListableBeanFactory.raiseNoSuchBeanDefinitionException(DefaultListableBeanFactory.java:1373)
	at org.springframework.beans.factory.support.DefaultListableBeanFactory.doResolveDependency(DefaultListableBeanFactory.java:1071)
	at org.springframework.beans.factory.support.DefaultListableBeanFactory.resolveDependency(DefaultListableBeanFactory.java:1014)
	at org.springframework.beans.factory.annotation.AutowiredAnnotationBeanPostProcessor$AutowiredFieldElement.inject(AutowiredAnnotationBeanPostProcessor.java:545)
	... 57 more
2016-08-02 12:40:40 DEBUG Restarter:172 - Creating new Restarter for thread Thread[main,5,main]
2016-08-02 12:40:40 INFO  ClasspathLoggingApplicationListener:57 - Application failed to start with classpath: [file:/C:/Users/maxim/IdeaProjects/multi-module-project%20%e2%80%94%20%d0%ba%d0%be%d0%bf%d0%b8%d1%8f/moduleplatform/target/surefire/surefirebooter8516617183638379826.jar]
2016-08-02 12:40:40 ERROR TestContextManager:231 - Caught exception while allowing TestExecutionListener [org.springframework.test.context.web.ServletTestExecutionListener@10736d9] to prepare test instance [com.example.SpringBootHelloWorldApplicationTests@1d80673]
java.lang.IllegalStateException: Failed to load ApplicationContext
	at org.springframework.test.context.cache.DefaultCacheAwareContextLoaderDelegate.loadContext(DefaultCacheAwareContextLoaderDelegate.java:124)
	at org.springframework.test.context.support.DefaultTestContext.getApplicationContext(DefaultTestContext.java:83)
	at org.springframework.test.context.web.ServletTestExecutionListener.setUpRequestContextIfNecessary(ServletTestExecutionListener.java:183)
	at org.springframework.test.context.web.ServletTestExecutionListener.prepareTestInstance(ServletTestExecutionListener.java:123)
	at org.springframework.test.context.TestContextManager.prepareTestInstance(TestContextManager.java:228)
	at org.springframework.test.context.junit4.SpringJUnit4ClassRunner.createTest(SpringJUnit4ClassRunner.java:230)
	at org.springframework.test.context.junit4.SpringJUnit4ClassRunner$1.runReflectiveCall(SpringJUnit4ClassRunner.java:289)
	at org.junit.internal.runners.model.ReflectiveCallable.run(ReflectiveCallable.java:12)
	at org.springframework.test.context.junit4.SpringJUnit4ClassRunner.methodBlock(SpringJUnit4ClassRunner.java:291)
	at org.springframework.test.context.junit4.SpringJUnit4ClassRunner.runChild(SpringJUnit4ClassRunner.java:249)
	at org.springframework.test.context.junit4.SpringJUnit4ClassRunner.runChild(SpringJUnit4ClassRunner.java:89)
	at org.junit.runners.ParentRunner$3.run(ParentRunner.java:290)
	at org.junit.runners.ParentRunner$1.schedule(ParentRunner.java:71)
	at org.junit.runners.ParentRunner.runChildren(ParentRunner.java:288)
	at org.junit.runners.ParentRunner.access$000(ParentRunner.java:58)
	at org.junit.runners.ParentRunner$2.evaluate(ParentRunner.java:268)
	at org.springframework.test.context.junit4.statements.RunBeforeTestClassCallbacks.evaluate(RunBeforeTestClassCallbacks.java:61)
	at org.springframework.test.context.junit4.statements.RunAfterTestClassCallbacks.evaluate(RunAfterTestClassCallbacks.java:70)
	at org.junit.runners.ParentRunner.run(ParentRunner.java:363)
	at org.springframework.test.context.junit4.SpringJUnit4ClassRunner.run(SpringJUnit4ClassRunner.java:193)
	at org.apache.maven.surefire.junit4.JUnit4Provider.execute(JUnit4Provider.java:283)
	at org.apache.maven.surefire.junit4.JUnit4Provider.executeWithRerun(JUnit4Provider.java:173)
	at org.apache.maven.surefire.junit4.JUnit4Provider.executeTestSet(JUnit4Provider.java:153)
	at org.apache.maven.surefire.junit4.JUnit4Provider.invoke(JUnit4Provider.java:128)
	at org.apache.maven.surefire.booter.ForkedBooter.invokeProviderInSameClassLoader(ForkedBooter.java:203)
	at org.apache.maven.surefire.booter.ForkedBooter.runSuitesInProcess(ForkedBooter.java:155)
	at org.apache.maven.surefire.booter.ForkedBooter.main(ForkedBooter.java:103)
Caused by: org.springframework.beans.factory.BeanCreationException: Error creating bean with name 'mainController': Injection of autowired dependencies failed; nested exception is org.springframework.beans.factory.BeanCreationException: Could not autowire field: application.ModulePlatform application.MainController.platform; nested exception is org.springframework.beans.factory.BeanCreationException: Error creating bean with name 'modulePlatform': Injection of autowired dependencies failed; nested exception is org.springframework.beans.factory.BeanCreationException: Could not autowire field: private java.util.List application.ModulePlatform.modules; nested exception is org.springframework.beans.factory.NoSuchBeanDefinitionException: No qualifying bean of type [interfaces.Module] found for dependency [collection of interfaces.Module]: expected at least 1 bean which qualifies as autowire candidate for this dependency. Dependency annotations: {@org.springframework.beans.factory.annotation.Autowired(required=true)}
	at org.springframework.beans.factory.annotation.AutowiredAnnotationBeanPostProcessor.postProcessPropertyValues(AutowiredAnnotationBeanPostProcessor.java:334)
	at org.springframework.beans.factory.support.AbstractAutowireCapableBeanFactory.populateBean(AbstractAutowireCapableBeanFactory.java:1214)
	at org.springframework.beans.factory.support.AbstractAutowireCapableBeanFactory.doCreateBean(AbstractAutowireCapableBeanFactory.java:543)
	at org.springframework.beans.factory.support.AbstractAutowireCapableBeanFactory.createBean(AbstractAutowireCapableBeanFactory.java:482)
	at org.springframework.beans.factory.support.AbstractBeanFactory$1.getObject(AbstractBeanFactory.java:306)
	at org.springframework.beans.factory.support.DefaultSingletonBeanRegistry.getSingleton(DefaultSingletonBeanRegistry.java:230)
	at org.springframework.beans.factory.support.AbstractBeanFactory.doGetBean(AbstractBeanFactory.java:302)
	at org.springframework.beans.factory.support.AbstractBeanFactory.getBean(AbstractBeanFactory.java:197)
	at org.springframework.beans.factory.support.DefaultListableBeanFactory.preInstantiateSingletons(DefaultListableBeanFactory.java:772)
	at org.springframework.context.support.AbstractApplicationContext.finishBeanFactoryInitialization(AbstractApplicationContext.java:839)
	at org.springframework.context.support.AbstractApplicationContext.refresh(AbstractApplicationContext.java:538)
	at org.springframework.boot.SpringApplication.refresh(SpringApplication.java:760)
	at org.springframework.boot.SpringApplication.createAndRefreshContext(SpringApplication.java:360)
	at org.springframework.boot.SpringApplication.run(SpringApplication.java:306)
	at org.springframework.boot.test.SpringApplicationContextLoader.loadContext(SpringApplicationContextLoader.java:98)
	at org.springframework.test.context.cache.DefaultCacheAwareContextLoaderDelegate.loadContextInternal(DefaultCacheAwareContextLoaderDelegate.java:98)
	at org.springframework.test.context.cache.DefaultCacheAwareContextLoaderDelegate.loadContext(DefaultCacheAwareContextLoaderDelegate.java:116)
	... 26 more
Caused by: org.springframework.beans.factory.BeanCreationException: Could not autowire field: application.ModulePlatform application.MainController.platform; nested exception is org.springframework.beans.factory.BeanCreationException: Error creating bean with name 'modulePlatform': Injection of autowired dependencies failed; nested exception is org.springframework.beans.factory.BeanCreationException: Could not autowire field: private java.util.List application.ModulePlatform.modules; nested exception is org.springframework.beans.factory.NoSuchBeanDefinitionException: No qualifying bean of type [interfaces.Module] found for dependency [collection of interfaces.Module]: expected at least 1 bean which qualifies as autowire candidate for this dependency. Dependency annotations: {@org.springframework.beans.factory.annotation.Autowired(required=true)}
	at org.springframework.beans.factory.annotation.AutowiredAnnotationBeanPostProcessor$AutowiredFieldElement.inject(AutowiredAnnotationBeanPostProcessor.java:573)
	at org.springframework.beans.factory.annotation.InjectionMetadata.inject(InjectionMetadata.java:88)
	at org.springframework.beans.factory.annotation.AutowiredAnnotationBeanPostProcessor.postProcessPropertyValues(AutowiredAnnotationBeanPostProcessor.java:331)
	... 42 more
Caused by: org.springframework.beans.factory.BeanCreationException: Error creating bean with name 'modulePlatform': Injection of autowired dependencies failed; nested exception is org.springframework.beans.factory.BeanCreationException: Could not autowire field: private java.util.List application.ModulePlatform.modules; nested exception is org.springframework.beans.factory.NoSuchBeanDefinitionException: No qualifying bean of type [interfaces.Module] found for dependency [collection of interfaces.Module]: expected at least 1 bean which qualifies as autowire candidate for this dependency. Dependency annotations: {@org.springframework.beans.factory.annotation.Autowired(required=true)}
	at org.springframework.beans.factory.annotation.AutowiredAnnotationBeanPostProcessor.postProcessPropertyValues(AutowiredAnnotationBeanPostProcessor.java:334)
	at org.springframework.beans.factory.support.AbstractAutowireCapableBeanFactory.populateBean(AbstractAutowireCapableBeanFactory.java:1214)
	at org.springframework.beans.factory.support.AbstractAutowireCapableBeanFactory.doCreateBean(AbstractAutowireCapableBeanFactory.java:543)
	at org.springframework.beans.factory.support.AbstractAutowireCapableBeanFactory.createBean(AbstractAutowireCapableBeanFactory.java:482)
	at org.springframework.beans.factory.support.AbstractBeanFactory$1.getObject(AbstractBeanFactory.java:306)
	at org.springframework.beans.factory.support.DefaultSingletonBeanRegistry.getSingleton(DefaultSingletonBeanRegistry.java:230)
	at org.springframework.beans.factory.support.AbstractBeanFactory.doGetBean(AbstractBeanFactory.java:302)
	at org.springframework.beans.factory.support.AbstractBeanFactory.getBean(AbstractBeanFactory.java:197)
	at org.springframework.beans.factory.support.DefaultListableBeanFactory.findAutowireCandidates(DefaultListableBeanFactory.java:1192)
	at org.springframework.beans.factory.support.DefaultListableBeanFactory.doResolveDependency(DefaultListableBeanFactory.java:1116)
	at org.springframework.beans.factory.support.DefaultListableBeanFactory.resolveDependency(DefaultListableBeanFactory.java:1014)
	at org.springframework.beans.factory.annotation.AutowiredAnnotationBeanPostProcessor$AutowiredFieldElement.inject(AutowiredAnnotationBeanPostProcessor.java:545)
	... 44 more
Caused by: org.springframework.beans.factory.BeanCreationException: Could not autowire field: private java.util.List application.ModulePlatform.modules; nested exception is org.springframework.beans.factory.NoSuchBeanDefinitionException: No qualifying bean of type [interfaces.Module] found for dependency [collection of interfaces.Module]: expected at least 1 bean which qualifies as autowire candidate for this dependency. Dependency annotations: {@org.springframework.beans.factory.annotation.Autowired(required=true)}
	at org.springframework.beans.factory.annotation.AutowiredAnnotationBeanPostProcessor$AutowiredFieldElement.inject(AutowiredAnnotationBeanPostProcessor.java:573)
	at org.springframework.beans.factory.annotation.InjectionMetadata.inject(InjectionMetadata.java:88)
	at org.springframework.beans.factory.annotation.AutowiredAnnotationBeanPostProcessor.postProcessPropertyValues(AutowiredAnnotationBeanPostProcessor.java:331)
	... 55 more
Caused by: org.springframework.beans.factory.NoSuchBeanDefinitionException: No qualifying bean of type [interfaces.Module] found for dependency [collection of interfaces.Module]: expected at least 1 bean which qualifies as autowire candidate for this dependency. Dependency annotations: {@org.springframework.beans.factory.annotation.Autowired(required=true)}
	at org.springframework.beans.factory.support.DefaultListableBeanFactory.raiseNoSuchBeanDefinitionException(DefaultListableBeanFactory.java:1373)
	at org.springframework.beans.factory.support.DefaultListableBeanFactory.doResolveDependency(DefaultListableBeanFactory.java:1071)
	at org.springframework.beans.factory.support.DefaultListableBeanFactory.resolveDependency(DefaultListableBeanFactory.java:1014)
	at org.springframework.beans.factory.annotation.AutowiredAnnotationBeanPostProcessor$AutowiredFieldElement.inject(AutowiredAnnotationBeanPostProcessor.java:545)
	... 57 more
]]></system-out>
  </testcase>
</testsuite>